
  ==========================================
  Studio Pro version: 8.4.10
  Started at: 20/8/2022, 12:26:10
  ==========================================
  

[2022-08-20T15:28:08.735Z] : [success]: Robot saved successfully


  ==========================================
  Studio Pro version: 8.4.10
  Started at: 20/8/2022, 12:29:14
  ==========================================
  

[2022-08-20T15:30:01.108Z] : [success]: Robot saved successfully

[2022-08-20T15:30:05.670Z] : [error]: Activity parameters required: Read Excel file

[2022-08-20T15:30:05.671Z] : [info]: ---------------------------------------------

[2022-08-20T15:30:34.804Z] : [success]: Robot saved successfully

[2022-08-20T15:31:45.822Z] : [success]: Robot saved successfully


  ==========================================
  Studio Pro version: 8.4.10
  Started at: 20/8/2022, 12:31:56
  ==========================================
  

[2022-08-20T15:32:25.559Z] : [success]: Robot saved successfully

[2022-08-20T15:33:50.458Z] : [error]: The extraction start point has not been found. Make sure the specified text in the "After" parameter actually exists in the input string

[2022-08-20T15:33:50.460Z] : [error]: Total execution time: 7s 353ms

[2022-08-20T15:33:50.460Z] : [info]: ---------------------------------------------


  ==========================================
  Studio Pro version: 8.4.10
  Started at: 20/8/2022, 12:33:50
  ==========================================
  

[2022-08-20T15:34:41.055Z] : [success]: Robot saved successfully

[2022-08-20T15:34:55.540Z] : [error]: The extraction start point has not been found. Make sure the specified text in the "After" parameter actually exists in the input string

[2022-08-20T15:34:55.541Z] : [error]: Total execution time: 6s 388ms

[2022-08-20T15:34:55.542Z] : [info]: ---------------------------------------------


  ==========================================
  Studio Pro version: 8.4.10
  Started at: 20/8/2022, 12:34:55
  ==========================================
  

[2022-08-20T15:35:12.783Z] : [success]: Robot saved successfully

[2022-08-20T15:36:02.917Z] : [success]: Robot saved successfully

[2022-08-20T15:36:15.888Z] : [error]: The extraction start point has not been found. Make sure the specified text in the "After" parameter actually exists in the input string

[2022-08-20T15:36:15.890Z] : [error]: Total execution time: 6s 234ms

[2022-08-20T15:36:15.890Z] : [info]: ---------------------------------------------

[2022-08-20T15:36:49.469Z] : [success]: Robot saved successfully

[2022-08-20T15:36:59.651Z] : [error]: The extraction start point has not been found. Make sure the specified text in the "After" parameter actually exists in the input string

[2022-08-20T15:36:59.652Z] : [error]: Total execution time: 6s 167ms

[2022-08-20T15:36:59.653Z] : [info]: ---------------------------------------------

[2022-08-20T15:37:29.621Z] : [success]: Robot saved successfully

[2022-08-20T15:45:41.738Z] : [success]: Robot saved successfully

[2022-08-20T15:51:08.308Z] : [success]: Robot saved successfully


  ==========================================
  Studio Pro version: 8.4.10
  Started at: 20/8/2022, 12:53:08
  ==========================================
  

[2022-08-20T15:53:19.231Z] : [success]: Robot saved successfully

[2022-08-20T15:54:53.741Z] : [success]: Robot saved successfully

[2022-08-20T15:56:40.212Z] : [success]: Robot saved successfully

[2022-08-20T15:59:11.932Z] : [success]: Robot saved successfully

[2022-08-20T15:59:16.179Z] : [success]: Robot saved successfully

[2022-08-20T15:59:22.884Z] : [success]: Robot saved successfully

[2022-08-20T16:13:49.578Z] : [success]: Robot saved successfully

