
  ==========================================
  Studio Pro version: 8.6.9
  Started at: 20/10/2022, 14:25:14
  ==========================================
  

[2022-10-20T17:25:25.716Z] : [success]: Robot saved successfully

[2022-10-20T17:25:25.828Z] : [info]: ---------------------------------------------

[2022-10-20T17:25:25.828Z] : [success]: Bot started

[2022-10-20T17:25:25.829Z] : [info]: Robot start

[2022-10-20T17:25:41.153Z] : [success]: Bot finished successfully, total execution time: 15s 322ms

[2022-10-20T17:25:41.154Z] : [info]: ---------------------------------------------

[2022-10-20T17:26:46.247Z] : [success]: Robot saved successfully

[2022-10-20T17:26:50.095Z] : [success]: Bot started

[2022-10-20T17:26:50.096Z] : [info]: Robot start

[2022-10-20T17:27:02.427Z] : [success]: Bot finished successfully, total execution time: 12s 329ms

[2022-10-20T17:27:02.428Z] : [info]: ---------------------------------------------

[2022-10-20T17:27:07.226Z] : [success]: Robot saved successfully

[2022-10-20T17:27:12.542Z] : [success]: Bot started

[2022-10-20T17:27:12.544Z] : [info]: Robot start

[2022-10-20T17:27:20.758Z] : [error]: [object Object]

[2022-10-20T17:27:20.760Z] : [error]: Total execution time: 8s 213ms

[2022-10-20T17:27:20.761Z] : [info]: ---------------------------------------------

[2022-10-20T17:27:36.767Z] : [success]: Bot started

[2022-10-20T17:27:36.768Z] : [info]: Robot start

[2022-10-20T17:27:53.125Z] : [success]: Bot finished successfully, total execution time: 16s 356ms

[2022-10-20T17:27:53.126Z] : [info]: ---------------------------------------------

[2022-10-20T17:41:29.306Z] : [success]: Robot saved successfully

[2022-10-20T17:41:34.016Z] : [success]: Robot saved successfully

[2022-10-20T17:41:39.187Z] : [success]: Bot started

[2022-10-20T17:41:39.188Z] : [info]: Robot start

[2022-10-20T17:41:55.492Z] : [success]: Bot finished successfully, total execution time: 16s 303ms

[2022-10-20T17:41:55.494Z] : [info]: ---------------------------------------------

[2022-10-20T17:42:29.720Z] : [success]: Bot started

[2022-10-20T17:42:29.721Z] : [info]: Robot start

[2022-10-20T17:42:45.931Z] : [success]: Bot finished successfully, total execution time: 16s 209ms

[2022-10-20T17:42:45.932Z] : [info]: ---------------------------------------------

[2022-10-20T17:43:05.079Z] : [success]: Robot saved successfully

[2022-10-20T17:43:09.951Z] : [success]: Bot started

[2022-10-20T17:43:09.954Z] : [info]: Robot start

[2022-10-20T17:43:27.350Z] : [success]: Bot finished successfully, total execution time: 17s 395ms

[2022-10-20T17:43:27.351Z] : [info]: ---------------------------------------------

[2022-10-20T17:43:37.482Z] : [success]: Robot saved successfully

[2022-10-20T17:43:41.287Z] : [info]: ---------------------------------------------

[2022-10-20T17:43:41.288Z] : [success]: Bot started

[2022-10-20T17:43:41.289Z] : [info]: Robot start

[2022-10-20T17:43:49.497Z] : [error]: [object Object]

[2022-10-20T17:43:49.501Z] : [error]: Total execution time: 8s 207ms

[2022-10-20T17:43:49.502Z] : [info]: ---------------------------------------------

[2022-10-20T17:43:54.074Z] : [success]: Bot started

[2022-10-20T17:43:54.075Z] : [info]: Robot start

[2022-10-20T17:44:07.338Z] : [error]: [object Object]

[2022-10-20T17:44:07.343Z] : [error]: Total execution time: 13s 263ms

[2022-10-20T17:44:07.344Z] : [info]: ---------------------------------------------

[2022-10-20T17:45:00.935Z] : [success]: Robot saved successfully

[2022-10-20T17:45:01.072Z] : [info]: ---------------------------------------------

[2022-10-20T17:45:01.072Z] : [success]: Bot started

[2022-10-20T17:45:01.073Z] : [info]: Robot start

[2022-10-20T17:45:12.368Z] : [error]: [object Object]

[2022-10-20T17:45:12.373Z] : [error]: Total execution time: 11s 294ms

[2022-10-20T17:45:12.375Z] : [info]: ---------------------------------------------

[2022-10-20T17:45:58.344Z] : [success]: Robot saved successfully

[2022-10-20T17:45:58.510Z] : [info]: ---------------------------------------------

[2022-10-20T17:45:58.511Z] : [success]: Bot started

[2022-10-20T17:45:58.511Z] : [info]: Robot start

[2022-10-20T17:46:12.775Z] : [error]: [object Object]

[2022-10-20T17:46:12.777Z] : [error]: Total execution time: 14s 264ms

[2022-10-20T17:46:12.778Z] : [info]: ---------------------------------------------

[2022-10-20T17:46:22.963Z] : [success]: Robot saved successfully


  ==========================================
  Studio Pro version: 8.6.9
  Started at: 20/10/2022, 15:53:51
  ==========================================
  

[2022-10-20T18:54:01.205Z] : [success]: Robot saved successfully


  ==========================================
  Studio Pro version: 8.6.9
  Started at: 20/10/2022, 16:43:10
  ==========================================
  

[2022-10-20T19:43:20.295Z] : [success]: Robot saved successfully

[2022-10-20T19:43:40.533Z] : [success]: Robot saved successfully

