
  ==========================================
  Studio Pro version: 8.3.13
  Started at: 8/8/2022, 9:46:53
  ==========================================
  

[2022-08-08T12:58:20.059Z] : [success]: Robot saved successfully

[2022-08-08T12:58:28.977Z] : [info]: ---------------------------------------------

[2022-08-08T12:58:28.978Z] : [success]: Bot started

[2022-08-08T12:58:28.979Z] : [info]: Robot start

[2022-08-08T12:58:51.300Z] : [success]: Bot finished successfully, total execution time: 22s 319ms

[2022-08-08T12:58:51.301Z] : [info]: ---------------------------------------------

[2022-08-08T13:03:27.730Z] : [success]: Robot saved successfully

[2022-08-08T13:03:41.702Z] : [success]: Bot started

[2022-08-08T13:03:41.703Z] : [info]: Robot start

[2022-08-08T13:04:02.001Z] : [success]: Bot finished successfully, total execution time: 20s 297ms

[2022-08-08T13:04:02.002Z] : [info]: ---------------------------------------------

[2022-08-08T13:04:13.642Z] : [success]: Robot saved successfully


  ==========================================
  Studio Pro version: 8.3.13
  Started at: 8/8/2022, 10:08:37
  ==========================================
  

[2022-08-08T13:11:49.038Z] : [success]: Robot saved successfully

[2022-08-08T13:11:58.679Z] : [success]: Bot started

[2022-08-08T13:11:58.680Z] : [info]: Robot start

[2022-08-08T13:12:34.310Z] : [success]: Bot finished successfully, total execution time: 35s 629ms

[2022-08-08T13:12:34.311Z] : [info]: ---------------------------------------------

[2022-08-08T13:12:40.284Z] : [success]: Robot saved successfully

