
  ==========================================
  Studio Pro version: 8.5.8
  Started at: 20/9/2022, 11:54:28
  ==========================================
  

[2022-09-20T14:54:50.905Z] : [success]: Robot saved successfully

[2022-09-20T15:02:45.338Z] : [success]: Robot saved successfully

[2022-09-20T15:02:45.500Z] : [info]: ---------------------------------------------

[2022-09-20T15:02:45.501Z] : [success]: Bot started

[2022-09-20T15:02:45.502Z] : [info]: Robot start

[2022-09-20T15:02:50.657Z] : [success]: Bot finished successfully, total execution time: 5s 153ms

[2022-09-20T15:02:50.659Z] : [info]: ---------------------------------------------

[2022-09-20T15:04:00.103Z] : [success]: Robot saved successfully

[2022-09-20T15:04:00.215Z] : [success]: Bot started

[2022-09-20T15:04:00.216Z] : [info]: Robot start

[2022-09-20T15:04:06.417Z] : [success]: Bot finished successfully, total execution time: 6s 200ms

[2022-09-20T15:04:06.418Z] : [info]: ---------------------------------------------

[2022-09-20T15:04:13.730Z] : [success]: Robot saved successfully

[2022-09-20T15:04:21.373Z] : [success]: Robot saved successfully


  ==========================================
  Studio Pro version: 8.5.8
  Started at: 20/9/2022, 12:08:13
  ==========================================
  

