
  ==========================================
  Studio Pro version: 8.4.10
  Started at: 31/8/2022, 16:42:18
  ==========================================
  

[2022-08-31T19:44:41.113Z] : [success]: Robot saved successfully

[2022-08-31T19:44:41.188Z] : [info]: ---------------------------------------------

[2022-08-31T19:44:41.189Z] : [success]: Bot started

[2022-08-31T19:44:41.190Z] : [info]: Robot start

[2022-08-31T19:44:53.384Z] : [success]: Bot finished successfully, total execution time: 12s 193ms

[2022-08-31T19:44:53.385Z] : [info]: ---------------------------------------------

[2022-08-31T19:46:14.808Z] : [success]: Robot saved successfully

[2022-08-31T19:46:14.890Z] : [success]: Bot started

[2022-08-31T19:46:14.891Z] : [info]: Robot start

[2022-08-31T19:46:24.094Z] : [success]: Bot finished successfully, total execution time: 9s 201ms

[2022-08-31T19:46:24.096Z] : [info]: ---------------------------------------------

[2022-08-31T19:47:32.208Z] : [success]: Robot saved successfully

[2022-08-31T19:47:32.296Z] : [info]: ---------------------------------------------

[2022-08-31T19:47:32.296Z] : [success]: Bot started

[2022-08-31T19:47:32.297Z] : [info]: Robot start

[2022-08-31T19:47:40.514Z] : [success]: Bot finished successfully, total execution time: 8s 215ms

[2022-08-31T19:47:40.516Z] : [info]: ---------------------------------------------

[2022-08-31T19:48:03.304Z] : [success]: Robot saved successfully

[2022-08-31T19:48:03.383Z] : [success]: Bot started

[2022-08-31T19:48:03.384Z] : [info]: Robot start

[2022-08-31T19:48:11.543Z] : [success]: Bot finished successfully, total execution time: 8s 157ms

[2022-08-31T19:48:11.545Z] : [info]: ---------------------------------------------

[2022-08-31T19:48:45.590Z] : [success]: Robot saved successfully

[2022-08-31T19:48:45.684Z] : [success]: Bot started

[2022-08-31T19:48:45.685Z] : [info]: Robot start

[2022-08-31T19:48:51.806Z] : [success]: Bot finished successfully, total execution time: 6s 120ms

[2022-08-31T19:48:51.807Z] : [info]: ---------------------------------------------

[2022-08-31T19:57:22.590Z] : [success]: Robot saved successfully

[2022-08-31T19:57:22.681Z] : [info]: ---------------------------------------------

[2022-08-31T19:57:22.682Z] : [success]: Bot started

[2022-08-31T19:57:22.683Z] : [info]: Robot start

[2022-08-31T19:57:28.802Z] : [success]: Bot finished successfully, total execution time: 6s 118ms

[2022-08-31T19:57:28.803Z] : [info]: ---------------------------------------------

[2022-08-31T19:59:23.326Z] : [success]: Robot saved successfully

[2022-08-31T19:59:23.418Z] : [success]: Bot started

[2022-08-31T19:59:23.420Z] : [info]: Robot start

[2022-08-31T19:59:28.543Z] : [success]: Bot finished successfully, total execution time: 5s 122ms

[2022-08-31T19:59:28.544Z] : [info]: ---------------------------------------------


  ==========================================
  Studio Pro version: 8.4.10
  Started at: 31/8/2022, 17:09:01
  ==========================================
  

[2022-08-31T20:09:05.998Z] : [success]: Robot saved successfully

[2022-08-31T20:09:06.053Z] : [success]: Bot started

[2022-08-31T20:09:06.053Z] : [info]: Robot start

[2022-08-31T20:09:11.199Z] : [success]: Bot finished successfully, total execution time: 5s 145ms

[2022-08-31T20:09:11.200Z] : [info]: ---------------------------------------------

[2022-08-31T20:14:38.923Z] : [success]: Bot started

[2022-08-31T20:14:38.924Z] : [info]: Robot start

[2022-08-31T20:14:45.197Z] : [success]: Bot finished successfully, total execution time: 6s 272ms

[2022-08-31T20:14:45.198Z] : [info]: ---------------------------------------------

[2022-08-31T20:15:35.895Z] : [success]: Robot saved successfully

[2022-08-31T20:15:35.979Z] : [success]: Bot started

[2022-08-31T20:15:35.980Z] : [info]: Robot start

[2022-08-31T20:15:42.170Z] : [success]: Bot finished successfully, total execution time: 6s 188ms

[2022-08-31T20:15:42.172Z] : [info]: ---------------------------------------------

[2022-08-31T20:18:32.960Z] : [success]: Robot saved successfully

[2022-08-31T20:18:39.989Z] : [info]: ---------------------------------------------

[2022-08-31T20:18:39.990Z] : [success]: Bot started

[2022-08-31T20:18:39.990Z] : [info]: Robot start

[2022-08-31T20:18:42.100Z] : [error]: subject is not defined
      undefined

[2022-08-31T20:18:42.104Z] : [info]: ---------------------------------------------

[2022-08-31T20:21:50.700Z] : [success]: Robot saved successfully

[2022-08-31T20:24:57.327Z] : [info]: ---------------------------------------------

[2022-08-31T20:24:57.328Z] : [success]: Bot started

[2022-08-31T20:24:57.329Z] : [info]: Robot start

[2022-08-31T20:25:06.274Z] : [success]: Bot finished successfully, total execution time: 8s 942ms

[2022-08-31T20:25:06.277Z] : [info]: ---------------------------------------------

[2022-08-31T20:27:57.702Z] : [success]: Robot saved successfully

[2022-08-31T20:27:57.766Z] : [success]: Bot started

[2022-08-31T20:27:57.767Z] : [info]: Robot start

[2022-08-31T20:27:59.889Z] : [error]: subject is not defined
      undefined

[2022-08-31T20:27:59.894Z] : [info]: ---------------------------------------------

[2022-08-31T20:28:39.033Z] : [success]: Robot saved successfully

[2022-08-31T20:28:39.127Z] : [success]: Bot started

[2022-08-31T20:28:39.127Z] : [info]: Robot start

[2022-08-31T20:28:44.253Z] : [success]: Bot finished successfully, total execution time: 5s 125ms

[2022-08-31T20:28:44.254Z] : [info]: ---------------------------------------------

[2022-08-31T20:29:38.338Z] : [success]: Robot saved successfully

[2022-08-31T20:29:38.432Z] : [success]: Bot started

[2022-08-31T20:29:38.433Z] : [info]: Robot start

[2022-08-31T20:29:43.540Z] : [success]: Bot finished successfully, total execution time: 5s 106ms

[2022-08-31T20:29:43.541Z] : [info]: ---------------------------------------------

[2022-08-31T22:20:59.098Z] : [success]: Robot saved successfully

