
  ==========================================
  Studio Pro version: 8.4.10
  Started at: 31/8/2022, 19:50:32
  ==========================================
  

[2022-08-31T22:52:11.436Z] : [success]: Robot saved successfully

[2022-08-31T22:52:11.517Z] : [info]: ---------------------------------------------

[2022-08-31T22:52:11.518Z] : [success]: Bot started

[2022-08-31T22:52:11.518Z] : [info]: Robot start

[2022-08-31T22:52:13.621Z] : [error]: subject is not defined
      undefined

[2022-08-31T22:52:13.624Z] : [info]: ---------------------------------------------

[2022-08-31T22:52:54.753Z] : [success]: Robot saved successfully

[2022-08-31T22:52:54.867Z] : [success]: Bot started

[2022-08-31T22:52:54.869Z] : [info]: Robot start

[2022-08-31T22:53:01.016Z] : [success]: Bot finished successfully, total execution time: 6s 145ms

[2022-08-31T22:53:01.017Z] : [info]: ---------------------------------------------

[2022-08-31T22:57:15.092Z] : [success]: Robot saved successfully

[2022-08-31T22:57:15.188Z] : [success]: Bot started

[2022-08-31T22:57:15.189Z] : [info]: Robot start

[2022-08-31T22:57:21.353Z] : [success]: Bot finished successfully, total execution time: 6s 163ms

[2022-08-31T22:57:21.355Z] : [info]: ---------------------------------------------

[2022-08-31T23:00:57.529Z] : [success]: Robot saved successfully

[2022-08-31T23:01:02.194Z] : [success]: Bot started

[2022-08-31T23:01:02.195Z] : [info]: Robot start

[2022-08-31T23:01:08.387Z] : [success]: Bot finished successfully, total execution time: 6s 190ms

[2022-08-31T23:01:08.389Z] : [info]: ---------------------------------------------

[2022-08-31T23:02:15.649Z] : [success]: Robot saved successfully

[2022-08-31T23:02:15.722Z] : [success]: Bot started

[2022-08-31T23:02:15.723Z] : [info]: Robot start

[2022-08-31T23:04:33.861Z] : [error]: Script Stopped.

[2022-08-31T23:04:33.863Z] : [info]: ---------------------------------------------

[2022-08-31T23:04:47.450Z] : [success]: Bot started

[2022-08-31T23:04:47.451Z] : [info]: Robot start

[2022-08-31T23:06:32.798Z] : [error]: Script Stopped.

[2022-08-31T23:06:32.802Z] : [info]: ---------------------------------------------

[2022-08-31T23:08:43.437Z] : [success]: Robot saved successfully

[2022-08-31T23:08:43.497Z] : [info]: ---------------------------------------------

[2022-08-31T23:08:43.498Z] : [success]: Bot started

[2022-08-31T23:08:43.498Z] : [info]: Robot start

[2022-08-31T23:08:49.716Z] : [success]: Bot finished successfully, total execution time: 6s 217ms

[2022-08-31T23:08:49.717Z] : [info]: ---------------------------------------------

[2022-08-31T23:09:25.897Z] : [success]: Bot started

[2022-08-31T23:09:25.897Z] : [info]: Robot start

[2022-08-31T23:09:32.042Z] : [success]: Bot finished successfully, total execution time: 6s 142ms

[2022-08-31T23:09:32.044Z] : [info]: ---------------------------------------------

[2022-08-31T23:10:59.230Z] : [success]: Robot saved successfully

[2022-08-31T23:10:59.315Z] : [success]: Bot started

[2022-08-31T23:10:59.315Z] : [info]: Robot start

[2022-08-31T23:11:05.494Z] : [success]: Bot finished successfully, total execution time: 6s 177ms

[2022-08-31T23:11:05.496Z] : [info]: ---------------------------------------------

[2022-08-31T23:12:10.511Z] : [success]: Robot saved successfully

[2022-08-31T23:12:10.598Z] : [success]: Bot started

[2022-08-31T23:12:10.599Z] : [info]: Robot start

[2022-08-31T23:13:01.421Z] : [error]: Script Stopped.

[2022-08-31T23:13:01.425Z] : [info]: ---------------------------------------------

[2022-08-31T23:13:34.889Z] : [success]: Robot saved successfully

[2022-08-31T23:13:34.978Z] : [success]: Bot started

[2022-08-31T23:13:34.980Z] : [info]: Robot start

[2022-08-31T23:13:41.152Z] : [success]: Bot finished successfully, total execution time: 6s 171ms

[2022-08-31T23:13:41.153Z] : [info]: ---------------------------------------------

[2022-08-31T23:14:19.690Z] : [success]: Robot saved successfully

[2022-08-31T23:14:19.749Z] : [success]: Bot started

[2022-08-31T23:14:19.749Z] : [info]: Robot start

[2022-08-31T23:14:25.872Z] : [success]: Bot finished successfully, total execution time: 6s 122ms

[2022-08-31T23:14:25.873Z] : [info]: ---------------------------------------------

[2022-08-31T23:16:56.561Z] : [success]: Robot saved successfully

[2022-08-31T23:16:56.678Z] : [success]: Bot started

[2022-08-31T23:16:56.679Z] : [info]: Robot start

[2022-08-31T23:17:02.802Z] : [success]: Bot finished successfully, total execution time: 6s 121ms

[2022-08-31T23:17:02.804Z] : [info]: ---------------------------------------------

