
  ==========================================
  Studio Pro version: 9.1.4
  Started at: 21/2/2023, 19:14:10
  ==========================================
  

[2023-02-21T22:16:45.392Z] : [success]: Robot saved successfully

[2023-02-21T22:16:45.493Z] : [success]: Bot started

[2023-02-21T22:16:45.493Z] : [info]: Robot start

[2023-02-21T22:16:47.342Z] : [info]: VAL IMP.PRECIO PRECIO VAL . ADU / USD PAG . UNIT . AGREG . 8544429

[2023-02-21T22:16:47.763Z] : [success]: Bot finished successfully, total execution time: 2s 268ms

[2023-02-21T22:16:47.764Z] : [info]: ---------------------------------------------

[2023-02-21T22:17:23.825Z] : [success]: Robot saved successfully

[2023-02-21T22:17:23.935Z] : [success]: Bot started

[2023-02-21T22:17:23.936Z] : [info]: Robot start

[2023-02-21T22:17:25.618Z] : [info]: 16.00000 1 0 197 1162 1054 1,054.00000 IDENTIF . COMPLEMENTO 1 COMPLEMENTO 2 COMPLEMENTO 3 ΜΑ OBSERVACIONES FACT A / 20220392 ORD 16 8536509

[2023-02-21T22:17:26.187Z] : [success]: Bot finished successfully, total execution time: 2s 250ms

[2023-02-21T22:17:26.189Z] : [info]: ---------------------------------------------

[2023-02-21T22:18:08.025Z] : [success]: Robot saved successfully

[2023-02-21T22:18:08.118Z] : [success]: Bot started

[2023-02-21T22:18:08.119Z] : [info]: Robot start

[2023-02-21T22:18:09.929Z] : [info]: 9

[2023-02-21T22:18:10.232Z] : [success]: Bot finished successfully, total execution time: 2s 112ms

[2023-02-21T22:18:10.233Z] : [info]: ---------------------------------------------

[2023-02-21T22:19:03.593Z] : [success]: Robot saved successfully

[2023-02-21T22:19:03.684Z] : [success]: Bot started

[2023-02-21T22:19:03.685Z] : [info]: Robot start

[2023-02-21T22:19:05.486Z] : [info]: 9

[2023-02-21T22:19:05.804Z] : [success]: Bot finished successfully, total execution time: 2s 117ms

[2023-02-21T22:19:05.806Z] : [info]: ---------------------------------------------

[2023-02-21T22:19:21.616Z] : [success]: Robot saved successfully

[2023-02-21T22:19:21.697Z] : [info]: ---------------------------------------------

[2023-02-21T22:19:21.698Z] : [success]: Bot started

[2023-02-21T22:19:21.700Z] : [info]: Robot start

[2023-02-21T22:19:23.481Z] : [info]: 9

[2023-02-21T22:19:23.793Z] : [success]: Bot finished successfully, total execution time: 2s 92ms

[2023-02-21T22:19:23.795Z] : [info]: ---------------------------------------------

[2023-02-21T22:19:59.758Z] : [success]: Robot saved successfully

[2023-02-21T22:19:59.846Z] : [success]: Bot started

[2023-02-21T22:19:59.847Z] : [info]: Robot start

[2023-02-21T22:20:01.589Z] : [info]:  

[2023-02-21T22:20:01.993Z] : [success]: Bot finished successfully, total execution time: 2s 144ms

[2023-02-21T22:20:01.994Z] : [info]: ---------------------------------------------


  ==========================================
  Studio Pro version: 9.1.4
  Started at: 21/2/2023, 19:49:07
  ==========================================
  

[2023-02-21T22:51:27.424Z] : [success]: Robot saved successfully

[2023-02-21T22:51:27.520Z] : [success]: Bot started

[2023-02-21T22:51:27.520Z] : [info]: Robot start

[2023-02-21T22:51:29.783Z] : [success]: Bot finished successfully, total execution time: 2s 262ms

[2023-02-21T22:51:29.784Z] : [info]: ---------------------------------------------

[2023-02-21T22:51:55.522Z] : [success]: Robot saved successfully

[2023-02-21T22:51:55.621Z] : [success]: Bot started

[2023-02-21T22:51:55.622Z] : [info]: Robot start

[2023-02-21T22:52:25.287Z] : [success]: Bot finished successfully, total execution time: 29s 663ms

[2023-02-21T22:52:25.288Z] : [info]: ---------------------------------------------

