
  ==========================================
  Studio Pro version: 8.6.10
  Started at: 1/11/2022, 12:04:08
  ==========================================
  

[2022-11-01T15:04:32.127Z] : [success]: Robot saved successfully

[2022-11-01T15:05:33.081Z] : [success]: Robot saved successfully


  ==========================================
  Studio Pro version: 8.6.10
  Started at: 1/11/2022, 15:30:45
  ==========================================
  

[2022-11-01T18:33:27.218Z] : [success]: Robot saved successfully

[2022-11-01T18:33:27.299Z] : [info]: ---------------------------------------------

[2022-11-01T18:33:27.300Z] : [success]: Bot started

[2022-11-01T18:33:27.300Z] : [info]: Robot start

[2022-11-01T18:33:28.549Z] : [success]: Bot finished successfully, total execution time: 1s 247ms

[2022-11-01T18:33:28.550Z] : [info]: ---------------------------------------------

[2022-11-01T19:01:45.644Z] : [success]: Robot saved successfully

[2022-11-01T19:01:45.728Z] : [success]: Bot started

[2022-11-01T19:01:45.729Z] : [info]: Robot start

[2022-11-01T19:01:49.843Z] : [success]: Bot finished successfully, total execution time: 4s 112ms

[2022-11-01T19:01:49.844Z] : [info]: ---------------------------------------------

[2022-11-01T19:04:57.099Z] : [success]: Robot saved successfully

[2022-11-01T19:05:01.751Z] : [success]: Bot started

[2022-11-01T19:05:01.753Z] : [info]: Robot start

[2022-11-01T19:05:04.857Z] : [success]: Bot finished successfully, total execution time: 3s 104ms

[2022-11-01T19:05:04.858Z] : [info]: ---------------------------------------------

[2022-11-01T19:19:59.096Z] : [success]: Your Kelly_OCR file has been converted to project successfully!

[2022-11-01T19:20:06.443Z] : [success]: Robot saved successfully

