
  ==========================================
  Studio Pro version: 8.5.8
  Started at: 4/10/2022, 23:16:55
  ==========================================
  

[2022-10-05T02:17:12.379Z] : [success]: Robot saved successfully

[2022-10-05T02:17:17.273Z] : [info]: ---------------------------------------------

[2022-10-05T02:17:17.274Z] : [success]: Bot started

[2022-10-05T02:17:17.275Z] : [info]: Robot start

[2022-10-05T02:17:22.440Z] : [success]: Bot finished successfully, total execution time: 5s 164ms

[2022-10-05T02:17:22.441Z] : [info]: ---------------------------------------------

[2022-10-05T14:14:55.468Z] : [success]: Robot saved successfully


  ==========================================
  Studio Pro version: 8.5.8
  Started at: 5/10/2022, 14:01:15
  ==========================================
  

[2022-10-05T17:01:46.825Z] : [success]: Workflow published successfully

[2022-10-05T17:14:35.156Z] : [error]: Cannot read properties of null (reading 'type')

[2022-10-05T17:14:35.159Z] : [error]: Cannot read properties of null (reading 'type')

[2022-10-05T17:14:35.163Z] : [error]: Cannot read properties of null (reading 'type')

[2022-10-05T17:14:35.165Z] : [error]: Cannot read properties of null (reading 'type')

[2022-10-05T17:14:35.166Z] : [error]: Cannot read properties of null (reading 'type')

