
  ==========================================
  Studio Pro version: 8.3.13
  Started at: 3/8/2022, 5:40:59
  ==========================================
  

[2022-08-03T17:48:31.652Z] : [success]: Robot saved successfully

[2022-08-03T17:48:31.729Z] : [info]: ---------------------------------------------

[2022-08-03T17:48:31.730Z] : [success]: Bot started

[2022-08-03T17:48:31.730Z] : [info]: Robot start

[2022-08-03T17:48:43.189Z] : [success]: Bot finished successfully, total execution time: 11s 457ms

[2022-08-03T17:48:43.190Z] : [info]: ---------------------------------------------

[2022-08-03T17:49:36.187Z] : [success]: Robot saved successfully

[2022-08-03T17:49:56.617Z] : [success]: Robot saved successfully

[2022-08-03T17:50:01.247Z] : [success]: Bot started

[2022-08-03T17:50:01.248Z] : [info]: Robot start

[2022-08-03T17:50:09.483Z] : [success]: Bot finished successfully, total execution time: 8s 234ms

[2022-08-03T17:50:09.484Z] : [info]: ---------------------------------------------

[2022-08-03T17:50:32.149Z] : [success]: Bot started

[2022-08-03T17:50:32.150Z] : [info]: Robot start

[2022-08-03T17:50:39.379Z] : [success]: Bot finished successfully, total execution time: 7s 226ms

[2022-08-03T17:50:39.381Z] : [info]: ---------------------------------------------

[2022-08-03T17:51:10.375Z] : [success]: Bot started

[2022-08-03T17:51:10.376Z] : [info]: Robot start

[2022-08-03T17:51:17.580Z] : [success]: Bot finished successfully, total execution time: 7s 201ms

[2022-08-03T17:51:17.582Z] : [info]: ---------------------------------------------

[2022-08-03T17:51:50.134Z] : [success]: Bot started

[2022-08-03T17:51:50.135Z] : [info]: Robot start

[2022-08-03T17:51:57.283Z] : [success]: Bot finished successfully, total execution time: 7s 147ms

[2022-08-03T17:51:57.284Z] : [info]: ---------------------------------------------

[2022-08-03T17:52:32.617Z] : [success]: Robot saved successfully

[2022-08-03T17:52:32.698Z] : [success]: Bot started

[2022-08-03T17:52:32.699Z] : [info]: Robot start

[2022-08-03T17:52:39.947Z] : [success]: Bot finished successfully, total execution time: 7s 247ms

[2022-08-03T17:52:39.948Z] : [info]: ---------------------------------------------

[2022-08-03T18:11:39.461Z] : [success]: Robot saved successfully

[2022-08-03T18:11:44.697Z] : [success]: Bot started

[2022-08-03T18:11:44.698Z] : [info]: Robot start

[2022-08-03T18:12:03.829Z] : [success]: Bot finished successfully, total execution time: 19s 130ms

[2022-08-03T18:12:03.831Z] : [info]: ---------------------------------------------

[2022-08-03T18:12:24.774Z] : [success]: Robot saved successfully

[2022-08-03T18:12:24.889Z] : [success]: Bot started

[2022-08-03T18:12:24.890Z] : [info]: Robot start

[2022-08-03T18:12:31.440Z] : [info]: 

[2022-08-03T18:12:34.145Z] : [success]: Bot finished successfully, total execution time: 9s 252ms

[2022-08-03T18:12:34.146Z] : [info]: ---------------------------------------------

[2022-08-03T18:12:58.245Z] : [success]: Robot saved successfully

[2022-08-03T18:13:02.316Z] : [success]: Bot started

[2022-08-03T18:13:02.317Z] : [info]: Robot start

[2022-08-03T18:13:09.126Z] : [info]: 

[2022-08-03T18:13:13.082Z] : [info]: 58845

[2022-08-03T18:13:19.632Z] : [success]: Bot finished successfully, total execution time: 17s 314ms

[2022-08-03T18:13:19.634Z] : [info]: ---------------------------------------------

[2022-08-03T18:13:23.149Z] : [success]: Robot saved successfully

