
  ==========================================
  Studio Pro version: 8.3.13
  Started at: 2/8/2022, 18:47:55
  ==========================================
  

[2022-08-02T21:48:09.403Z] : [success]: Robot saved successfully

[2022-08-02T21:48:09.415Z] : [info]: ---------------------------------------------

[2022-08-02T21:48:09.416Z] : [success]: Bot started

[2022-08-02T21:48:09.417Z] : [info]: Robot start

[2022-08-02T21:48:14.523Z] : [info]: test

[2022-08-02T21:48:15.622Z] : [success]: Bot finished successfully, total execution time: 6s 203ms

[2022-08-02T21:48:15.624Z] : [info]: ---------------------------------------------

[2022-08-02T21:52:45.215Z] : [info]: ---------------------------------------------

[2022-08-02T21:52:45.216Z] : [success]: Bot started

[2022-08-02T21:52:45.216Z] : [info]: Robot start

[2022-08-02T21:52:50.513Z] : [info]: test

[2022-08-02T21:52:51.409Z] : [success]: Bot finished successfully, total execution time: 6s 192ms

[2022-08-02T21:52:51.410Z] : [info]: ---------------------------------------------

[2022-08-02T21:53:39.811Z] : [success]: Bot started

[2022-08-02T21:53:39.812Z] : [info]: Robot start

[2022-08-02T21:53:45.082Z] : [info]: test

[2022-08-02T21:53:45.998Z] : [success]: Bot finished successfully, total execution time: 6s 185ms

[2022-08-02T21:53:45.999Z] : [info]: ---------------------------------------------

[2022-08-02T21:55:03.762Z] : [success]: Robot saved successfully

[2022-08-02T21:55:17.692Z] : [info]: ---------------------------------------------

[2022-08-02T21:55:17.693Z] : [success]: Bot started

[2022-08-02T21:55:17.693Z] : [info]: Robot start

[2022-08-02T21:55:21.643Z] : [info]: test

[2022-08-02T21:55:21.807Z] : [success]: Bot finished successfully, total execution time: 4s 113ms

[2022-08-02T21:55:21.808Z] : [info]: ---------------------------------------------

