
  ==========================================
  Studio Pro version: 8.3.13
  Started at: 2/8/2022, 18:58:01
  ==========================================
  

[2022-08-02T21:58:16.215Z] : [info]: ---------------------------------------------

[2022-08-02T21:58:16.216Z] : [success]: Bot started

[2022-08-02T21:58:16.217Z] : [info]: Robot start

[2022-08-02T21:58:28.230Z] : [error]: CAN_NOT_FIND_TAB

[2022-08-02T21:58:28.233Z] : [error]: Total execution time: 12s 13ms

[2022-08-02T21:58:28.234Z] : [info]: ---------------------------------------------

[2022-08-02T22:01:03.217Z] : [info]: ---------------------------------------------

[2022-08-02T22:01:03.217Z] : [success]: Bot started

[2022-08-02T22:01:03.218Z] : [info]: Robot start

[2022-08-02T22:01:08.261Z] : [info]: test

[2022-08-02T22:01:08.375Z] : [success]: Bot finished successfully, total execution time: 5s 156ms

[2022-08-02T22:01:08.376Z] : [info]: ---------------------------------------------


  ==========================================
  Studio Pro version: 8.3.13
  Started at: 2/8/2022, 23:05:44
  ==========================================
  

[2022-08-03T02:05:50.631Z] : [info]: ---------------------------------------------

[2022-08-03T02:05:50.631Z] : [success]: Bot started

[2022-08-03T02:05:50.632Z] : [info]: Robot start

[2022-08-03T02:05:55.876Z] : [info]: test

[2022-08-03T02:05:56.844Z] : [success]: Bot finished successfully, total execution time: 6s 210ms

[2022-08-03T02:05:56.845Z] : [info]: ---------------------------------------------

[2022-08-03T02:06:37.398Z] : [success]: The workflow has been exported successfully

