
  ==========================================
  Studio Pro version: 9.3.8
  Started at: 9/5/2023, 10:05:52
  ==========================================
  

[2023-05-09T13:05:58.888Z] : [info]: ---------------------------------------------

[2023-05-09T13:05:58.889Z] : [success]: Bot started

[2023-05-09T13:05:58.983Z] : [info]: Robot start

[2023-05-09T13:05:59.139Z] : [success]: Robot saved successfully

[2023-05-09T13:06:03.240Z] : [success]: Bot finished successfully, total execution time: 4s 256ms

[2023-05-09T13:06:03.242Z] : [info]: ---------------------------------------------

[2023-05-09T13:06:05.670Z] : [info]: A project backup was successfully created! You can find it

[2023-05-09T13:06:05.673Z] : [success]: Robot saved successfully

[2023-05-09T13:06:16.521Z] : [info]: A project backup was successfully created! You can find it

[2023-05-09T13:06:16.524Z] : [success]: Robot saved successfully

[2023-05-09T13:06:28.428Z] : [success]: Workflow published successfully

[2023-05-09T13:08:36.930Z] : [success]: Workflow published successfully

[2023-05-09T13:09:46.455Z] : [info]: A project backup was successfully created! You can find it

[2023-05-09T13:09:46.459Z] : [success]: Robot saved successfully

[2023-05-09T13:10:29.780Z] : [info]: A project backup was successfully created! You can find it

[2023-05-09T13:10:29.784Z] : [success]: Robot saved successfully

[2023-05-09T13:10:33.977Z] : [success]: Workflow published successfully

