
  ==========================================
  Studio Pro version: 8.3.13
  Started at: 9/8/2022, 15:09:40
  ==========================================
  

[2022-08-09T18:13:01.493Z] : [success]: Robot saved successfully

[2022-08-09T18:13:01.621Z] : [success]: Bot started

[2022-08-09T18:13:01.621Z] : [info]: Robot start

[2022-08-09T18:13:05.688Z] : [success]: Bot finished successfully, total execution time: 4s 66ms

[2022-08-09T18:13:05.688Z] : [info]: ---------------------------------------------

[2022-08-09T18:13:17.954Z] : [success]: Bot started

[2022-08-09T18:13:17.957Z] : [info]: Robot start

[2022-08-09T18:13:22.029Z] : [success]: Bot finished successfully, total execution time: 4s 71ms

[2022-08-09T18:13:22.030Z] : [info]: ---------------------------------------------

[2022-08-09T18:13:32.783Z] : [success]: Bot started

[2022-08-09T18:13:32.784Z] : [info]: Robot start

[2022-08-09T18:13:36.898Z] : [success]: Bot finished successfully, total execution time: 4s 113ms

[2022-08-09T18:13:36.899Z] : [info]: ---------------------------------------------

[2022-08-09T18:14:32.344Z] : [success]: Robot saved successfully

[2022-08-09T18:14:32.439Z] : [success]: Bot started

[2022-08-09T18:14:32.439Z] : [info]: Robot start

[2022-08-09T18:14:37.549Z] : [success]: Bot finished successfully, total execution time: 5s 107ms

[2022-08-09T18:14:37.551Z] : [info]: ---------------------------------------------

[2022-08-09T18:15:08.241Z] : [success]: Robot saved successfully

[2022-08-09T18:15:08.367Z] : [success]: Bot started

[2022-08-09T18:15:08.369Z] : [info]: Robot start

[2022-08-09T18:15:12.442Z] : [success]: Bot finished successfully, total execution time: 4s 72ms

[2022-08-09T18:15:12.443Z] : [info]: ---------------------------------------------

[2022-08-09T18:15:35.074Z] : [success]: Robot saved successfully

[2022-08-09T18:15:43.799Z] : [success]: Bot started

[2022-08-09T18:15:43.800Z] : [info]: Robot start

[2022-08-09T18:15:51.981Z] : [success]: Bot finished successfully, total execution time: 8s 178ms

[2022-08-09T18:15:51.983Z] : [info]: ---------------------------------------------

[2022-08-09T18:41:18.948Z] : [success]: Robot saved successfully

[2022-08-09T18:42:07.453Z] : [success]: Robot saved successfully

[2022-08-09T18:42:17.461Z] : [info]: ---------------------------------------------

[2022-08-09T18:42:17.462Z] : [success]: Bot started

[2022-08-09T18:42:17.463Z] : [info]: Robot start

[2022-08-09T18:42:26.766Z] : [success]: Bot finished successfully, total execution time: 9s 299ms

[2022-08-09T18:42:26.767Z] : [info]: ---------------------------------------------

[2022-08-09T18:42:41.550Z] : [success]: Robot saved successfully

[2022-08-09T18:42:41.657Z] : [success]: Bot started

[2022-08-09T18:42:41.658Z] : [info]: Robot start

[2022-08-09T18:42:49.777Z] : [success]: Bot finished successfully, total execution time: 8s 118ms

[2022-08-09T18:42:49.778Z] : [info]: ---------------------------------------------

[2022-08-09T18:43:06.937Z] : [success]: Robot saved successfully

[2022-08-09T18:44:29.071Z] : [success]: Robot saved successfully

[2022-08-09T18:47:54.382Z] : [success]: Robot saved successfully


  ==========================================
  Studio Pro version: 8.3.13
  Started at: 9/8/2022, 16:48:35
  ==========================================
  

[2022-08-09T19:48:49.440Z] : [success]: Robot saved successfully

[2022-08-09T19:48:54.361Z] : [info]: ---------------------------------------------

[2022-08-09T19:48:54.362Z] : [success]: Bot started

[2022-08-09T19:48:54.363Z] : [info]: Robot start

[2022-08-09T19:49:05.735Z] : [error]: Can't launch browser

[2022-08-09T19:49:05.740Z] : [error]: Total execution time: 11s 371ms

[2022-08-09T19:49:05.741Z] : [info]: ---------------------------------------------

[2022-08-09T19:50:14.802Z] : [success]: Robot saved successfully

[2022-08-09T19:50:15.146Z] : [success]: Bot started

[2022-08-09T19:50:15.147Z] : [info]: Robot start

[2022-08-09T19:50:27.460Z] : [error]: Can't launch browser

[2022-08-09T19:50:27.462Z] : [error]: Total execution time: 12s 313ms

[2022-08-09T19:50:27.462Z] : [info]: ---------------------------------------------

[2022-08-09T19:52:12.069Z] : [success]: Robot saved successfully

[2022-08-09T19:52:12.167Z] : [success]: Bot started

[2022-08-09T19:52:12.167Z] : [info]: Robot start

[2022-08-09T19:52:25.480Z] : [success]: Bot finished successfully, total execution time: 13s 312ms

[2022-08-09T19:52:25.481Z] : [info]: ---------------------------------------------

[2022-08-09T19:52:45.900Z] : [success]: Robot saved successfully


  ==========================================
  Studio Pro version: 8.3.13
  Started at: 10/8/2022, 9:38:20
  ==========================================
  

