
  ==========================================
  Studio Pro version: 8.4.10
  Started at: 7/9/2022, 20:34:25
  ==========================================
  

[2022-09-07T23:34:30.015Z] : [success]: Robot saved successfully

[2022-09-07T23:56:09.606Z] : [error]: No elements were found according to your selection. It may happen because of a wrong selector or because the element takes more time to appear on the screen. Try modifying the selector or increasing the element timeout and run the bot again

[2022-09-07T23:56:09.608Z] : [error]: Total execution time: 1m 16s 260ms

[2022-09-07T23:56:09.611Z] : [info]: ---------------------------------------------


  ==========================================
  Studio Pro version: 8.4.10
  Started at: 7/9/2022, 20:56:09
  ==========================================
  

[2022-09-07T23:58:56.796Z] : [success]: Robot saved successfully


  ==========================================
  Studio Pro version: 8.4.10
  Started at: 7/9/2022, 21:02:25
  ==========================================
  

[2022-09-08T00:03:05.805Z] : [success]: Robot saved successfully

[2022-09-08T00:03:06.222Z] : [success]: Bot started

[2022-09-08T00:03:06.223Z] : [info]: Robot start

[2022-09-08T00:03:52.677Z] : [error]: Script Stopped.

[2022-09-08T00:03:52.680Z] : [info]: ---------------------------------------------

[2022-09-08T00:04:12.531Z] : [success]: Robot saved successfully


  ==========================================
  Studio Pro version: 8.4.10
  Started at: 7/9/2022, 21:05:22
  ==========================================
  

[2022-09-08T00:05:45.746Z] : [error]: Script Stopped.

[2022-09-08T00:05:45.749Z] : [info]: ---------------------------------------------

[2022-09-08T00:06:31.326Z] : [success]: Robot saved successfully

[2022-09-08T00:06:31.704Z] : [success]: Bot started

[2022-09-08T00:06:31.705Z] : [info]: Robot start

[2022-09-08T00:09:26.886Z] : [error]: Script Stopped.

[2022-09-08T00:09:26.889Z] : [info]: ---------------------------------------------

[2022-09-08T00:12:03.691Z] : [success]: Robot saved successfully

[2022-09-08T00:12:04.056Z] : [info]: ---------------------------------------------

[2022-09-08T00:12:04.057Z] : [success]: Bot started

[2022-09-08T00:12:04.057Z] : [info]: Robot start

[2022-09-08T00:12:52.667Z] : [error]: Script Stopped.

[2022-09-08T00:12:52.669Z] : [info]: ---------------------------------------------

[2022-09-08T00:13:03.788Z] : [success]: Robot saved successfully

[2022-09-08T00:13:04.157Z] : [success]: Bot started

[2022-09-08T00:13:04.157Z] : [info]: Robot start

[2022-09-08T00:13:56.612Z] : [error]: Script Stopped.

[2022-09-08T00:13:56.614Z] : [info]: ---------------------------------------------

