
  ==========================================
  Studio Pro version: 8.4.10
  Started at: 7/9/2022, 21:15:43
  ==========================================
  

[2022-09-08T00:16:04.509Z] : [error]: Script Stopped.

[2022-09-08T00:16:04.512Z] : [warn]: Total execution time: 1m 10s 401ms

[2022-09-08T00:16:04.513Z] : [info]: ---------------------------------------------

[2022-09-08T00:16:13.516Z] : [success]: Robot saved successfully


  ==========================================
  Studio Pro version: 8.4.10
  Started at: 7/9/2022, 21:20:20
  ==========================================
  

[2022-09-08T00:21:43.103Z] : [success]: Robot saved successfully

[2022-09-08T00:21:56.170Z] : [success]: Robot saved successfully

[2022-09-08T00:21:56.527Z] : [info]: ---------------------------------------------

[2022-09-08T00:21:56.527Z] : [success]: Bot started

[2022-09-08T00:21:56.528Z] : [info]: Robot start

[2022-09-08T00:23:13.664Z] : [success]: Bot finished successfully, total execution time: 1m 17s 135ms

[2022-09-08T00:23:13.665Z] : [info]: ---------------------------------------------

[2022-09-08T00:23:26.572Z] : [success]: Robot saved successfully

[2022-09-08T00:24:24.939Z] : [success]: Robot saved successfully

[2022-09-08T00:25:45.013Z] : [success]: Robot saved successfully

