
  ==========================================
  Studio Pro version: 8.5.8
  Started at: 22/9/2022, 19:18:20
  ==========================================
  

[2022-09-22T22:18:28.218Z] : [success]: Robot saved successfully

[2022-09-22T22:18:32.507Z] : [info]: ---------------------------------------------

[2022-09-22T22:18:32.507Z] : [success]: Bot started

[2022-09-22T22:18:32.508Z] : [info]: Robot start

[2022-09-22T22:18:35.762Z] : [error]: Invalid credentials (Failure)

[2022-09-22T22:18:35.764Z] : [error]: Total execution time: 3s 254ms

[2022-09-22T22:18:35.766Z] : [info]: ---------------------------------------------

[2022-09-22T22:19:56.839Z] : [info]: ---------------------------------------------

[2022-09-22T22:19:56.840Z] : [success]: Bot started

[2022-09-22T22:19:56.842Z] : [info]: Robot start

[2022-09-22T22:20:57.030Z] : [success]: Bot finished successfully, total execution time: 1m 187ms

[2022-09-22T22:20:57.031Z] : [info]: ---------------------------------------------

[2022-09-22T22:30:54.911Z] : [success]: Robot saved successfully


  ==========================================
  Studio Pro version: 8.5.8
  Started at: 22/9/2022, 20:09:33
  ==========================================
  

[2022-09-22T23:09:51.822Z] : [success]: Robot saved successfully

[2022-09-22T23:09:51.962Z] : [info]: ---------------------------------------------

[2022-09-22T23:09:51.963Z] : [success]: Bot started

[2022-09-22T23:09:51.963Z] : [info]: Robot start

[2022-09-22T23:10:02.926Z] : [success]: Bot finished successfully, total execution time: 10s 962ms

[2022-09-22T23:10:02.927Z] : [info]: ---------------------------------------------

[2022-09-22T23:12:33.563Z] : [success]: Robot saved successfully

[2022-09-22T23:12:40.876Z] : [success]: Bot started

[2022-09-22T23:12:40.877Z] : [info]: Robot start

[2022-09-22T23:12:51.085Z] : [success]: Bot finished successfully, total execution time: 10s 207ms

[2022-09-22T23:12:51.086Z] : [info]: ---------------------------------------------

