
  ==========================================
  Studio Pro version: 8.3.13
  Started at: 2/8/2022, 22:14:16
  ==========================================
  

[2022-08-03T01:18:02.493Z] : [success]: Robot saved successfully

[2022-08-03T01:18:13.024Z] : [info]: ---------------------------------------------

[2022-08-03T01:18:13.025Z] : [success]: Bot started

[2022-08-03T01:18:13.026Z] : [info]: Robot start

[2022-08-03T01:19:07.643Z] : [error]: Script Stopped.

[2022-08-03T01:19:07.646Z] : [warn]: Total execution time: 54s 617ms

[2022-08-03T01:19:07.647Z] : [info]: ---------------------------------------------

[2022-08-03T01:19:53.250Z] : [success]: Robot saved successfully

[2022-08-03T01:20:04.804Z] : [success]: Robot saved successfully

[2022-08-03T01:20:04.893Z] : [info]: ---------------------------------------------

[2022-08-03T01:20:04.894Z] : [success]: Bot started

[2022-08-03T01:20:04.894Z] : [info]: Robot start

[2022-08-03T01:20:35.504Z] : [info]: 1

[2022-08-03T01:21:36.290Z] : [error]: script timeout

[2022-08-03T01:21:36.293Z] : [error]: Total execution time: 1m 31s 396ms

[2022-08-03T01:21:36.294Z] : [info]: ---------------------------------------------

[2022-08-03T01:27:40.937Z] : [success]: Robot saved successfully

[2022-08-03T01:27:51.931Z] : [info]: ---------------------------------------------

[2022-08-03T01:27:51.932Z] : [success]: Bot started

[2022-08-03T01:27:51.932Z] : [info]: Robot start

[2022-08-03T01:28:53.946Z] : [success]: Bot finished successfully, total execution time: 1m 2s 12ms

[2022-08-03T01:28:53.948Z] : [info]: ---------------------------------------------

[2022-08-03T01:29:02.253Z] : [success]: Bot started

[2022-08-03T01:29:02.254Z] : [info]: Robot start

[2022-08-03T01:30:19.369Z] : [success]: Bot finished successfully, total execution time: 1m 17s 114ms

[2022-08-03T01:30:19.370Z] : [info]: ---------------------------------------------

[2022-08-03T01:33:47.161Z] : [success]: Robot saved successfully

[2022-08-03T01:33:47.307Z] : [success]: Bot started

[2022-08-03T01:33:47.308Z] : [info]: Robot start

[2022-08-03T01:35:11.517Z] : [error]: Selectors: Nothing found

[2022-08-03T01:35:11.519Z] : [error]: Total execution time: 1m 24s 209ms

[2022-08-03T01:35:11.520Z] : [info]: ---------------------------------------------

[2022-08-03T01:37:27.561Z] : [success]: Robot saved successfully

[2022-08-03T01:37:27.667Z] : [info]: ---------------------------------------------

[2022-08-03T01:37:27.667Z] : [success]: Bot started

[2022-08-03T01:37:27.668Z] : [info]: Robot start

[2022-08-03T01:38:32.670Z] : [error]: No elements were found according to your selection. It may happen because of a wrong selector or because the element takes more time to appear on the screen. Try modifying the selector or increasing the element timeout and run the bot again.

[2022-08-03T01:38:32.672Z] : [error]: Total execution time: 1m 5s 2ms

[2022-08-03T01:38:32.673Z] : [info]: ---------------------------------------------

[2022-08-03T01:39:11.800Z] : [success]: Robot saved successfully

[2022-08-03T01:39:16.490Z] : [info]: ---------------------------------------------

[2022-08-03T01:39:16.491Z] : [success]: Bot started

[2022-08-03T01:39:16.492Z] : [info]: Robot start

[2022-08-03T01:40:15.459Z] : [error]: No elements were found according to your selection. It may happen because of a wrong selector or because the element takes more time to appear on the screen. Try modifying the selector or increasing the element timeout and run the bot again.

[2022-08-03T01:40:15.461Z] : [error]: Total execution time: 58s 967ms

[2022-08-03T01:40:15.462Z] : [info]: ---------------------------------------------

[2022-08-03T01:41:04.173Z] : [success]: Robot saved successfully

[2022-08-03T01:41:14.243Z] : [info]: ---------------------------------------------

[2022-08-03T01:41:14.243Z] : [success]: Bot started

[2022-08-03T01:41:14.244Z] : [info]: Robot start

[2022-08-03T01:42:07.073Z] : [success]: Bot finished successfully, total execution time: 52s 828ms

[2022-08-03T01:42:07.074Z] : [info]: ---------------------------------------------

[2022-08-03T01:43:00.876Z] : [success]: Robot saved successfully

[2022-08-03T01:43:13.324Z] : [success]: Robot saved successfully

[2022-08-03T01:43:13.431Z] : [success]: Bot started

[2022-08-03T01:43:13.432Z] : [info]: Robot start

[2022-08-03T01:45:22.364Z] : [success]: Bot finished successfully, total execution time: 2m 8s 931ms

[2022-08-03T01:45:22.365Z] : [info]: ---------------------------------------------

[2022-08-03T01:45:57.108Z] : [success]: Robot saved successfully

[2022-08-03T01:46:05.139Z] : [success]: Bot started

[2022-08-03T01:46:05.140Z] : [info]: Robot start

[2022-08-03T01:47:36.541Z] : [success]: Bot finished successfully, total execution time: 1m 31s 400ms

[2022-08-03T01:47:36.543Z] : [info]: ---------------------------------------------

[2022-08-03T01:51:23.970Z] : [success]: Robot saved successfully

[2022-08-03T01:51:40.034Z] : [info]: ---------------------------------------------

[2022-08-03T01:51:40.035Z] : [success]: Bot started

[2022-08-03T01:51:40.036Z] : [info]: Robot start

[2022-08-03T01:52:53.765Z] : [success]: Bot finished successfully, total execution time: 1m 13s 728ms

[2022-08-03T01:52:53.766Z] : [info]: ---------------------------------------------

[2022-08-03T01:56:39.396Z] : [success]: Robot saved successfully

[2022-08-03T01:56:56.673Z] : [success]: Robot saved successfully

[2022-08-03T01:56:56.787Z] : [info]: ---------------------------------------------

[2022-08-03T01:56:56.788Z] : [success]: Bot started

[2022-08-03T01:56:56.788Z] : [info]: Robot start

[2022-08-03T01:57:53.407Z] : [error]: No elements were found according to your selection. It may happen because of a wrong selector or because the element takes more time to appear on the screen. Try modifying the selector or increasing the element timeout and run the bot again.

[2022-08-03T01:57:53.409Z] : [error]: Total execution time: 56s 619ms

[2022-08-03T01:57:53.410Z] : [info]: ---------------------------------------------

[2022-08-03T02:03:39.526Z] : [success]: The workflow has been exported successfully

