
  ==========================================
  Studio Pro version: 8.3.13
  Started at: 2/8/2022, 23:11:08
  ==========================================
  

[2022-08-03T02:11:59.536Z] : [success]: Robot saved successfully

[2022-08-03T02:12:06.590Z] : [info]: ---------------------------------------------

[2022-08-03T02:12:06.591Z] : [success]: Bot started

[2022-08-03T02:12:06.592Z] : [info]: Robot start

[2022-08-03T02:12:47.292Z] : [info]: 0

[2022-08-03T02:13:40.745Z] : [info]: 0

[2022-08-03T02:14:47.036Z] : [info]: 0

[2022-08-03T02:15:41.522Z] : [info]: 0

[2022-08-03T02:16:47.015Z] : [info]: 0

[2022-08-03T02:17:41.000Z] : [info]: 0

[2022-08-03T02:19:21.935Z] : [info]: 0

[2022-08-03T02:20:09.301Z] : [info]: 0

[2022-08-03T02:20:51.327Z] : [info]: 0

[2022-08-03T02:21:45.463Z] : [info]: 0

[2022-08-03T02:23:42.990Z] : [info]: 0

[2022-08-03T02:24:11.959Z] : [info]: 0

[2022-08-03T02:25:05.351Z] : [info]: 0

[2022-08-03T02:27:02.832Z] : [info]: 0

[2022-08-03T02:27:31.627Z] : [info]: 0

[2022-08-03T02:28:12.882Z] : [info]: 0

[2022-08-03T02:29:05.989Z] : [info]: 0

[2022-08-03T02:29:34.398Z] : [info]: 0

[2022-08-03T02:30:21.832Z] : [info]: 0

[2022-08-03T02:31:46.427Z] : [info]: 0

[2022-08-03T02:33:11.832Z] : [info]: 0

[2022-08-03T02:34:18.292Z] : [info]: 0

[2022-08-03T02:34:47.027Z] : [info]: 0

[2022-08-03T02:35:28.453Z] : [info]: 0

[2022-08-03T02:35:37.830Z] : [error]: Script Stopped.

[2022-08-03T02:35:37.833Z] : [warn]: Total execution time: 23m 31s 237ms

[2022-08-03T02:35:37.834Z] : [info]: ---------------------------------------------

