
  ==========================================
  Studio Pro version: 9.2.12
  Started at: 12/4/2023, 19:15:02
  ==========================================
  

[2023-04-12T22:17:41.914Z] : [success]: Robot saved successfully

[2023-04-12T22:17:42.056Z] : [info]: ---------------------------------------------

[2023-04-12T22:17:42.058Z] : [success]: Bot started

[2023-04-12T22:17:42.061Z] : [info]: Robot start

[2023-04-12T22:17:46.190Z] : [success]: Bot finished successfully, total execution time: 4s 127ms

[2023-04-12T22:17:46.190Z] : [info]: ---------------------------------------------

[2023-04-12T22:19:19.538Z] : [success]: Robot saved successfully

[2023-04-12T22:19:19.638Z] : [success]: Bot started

[2023-04-12T22:19:19.638Z] : [info]: Robot start

[2023-04-12T22:19:22.765Z] : [success]: Bot finished successfully, total execution time: 3s 124ms

[2023-04-12T22:19:22.768Z] : [info]: ---------------------------------------------

[2023-04-12T22:19:49.020Z] : [success]: Robot saved successfully

[2023-04-12T22:19:49.120Z] : [success]: Bot started

[2023-04-12T22:19:49.121Z] : [info]: Robot start

[2023-04-12T22:19:52.259Z] : [success]: Bot finished successfully, total execution time: 3s 134ms

[2023-04-12T22:19:52.263Z] : [info]: ---------------------------------------------

[2023-04-12T22:20:24.961Z] : [success]: Robot saved successfully

[2023-04-12T22:20:25.033Z] : [success]: Bot started

[2023-04-12T22:20:25.033Z] : [info]: Robot start

[2023-04-12T22:20:28.163Z] : [success]: Bot finished successfully, total execution time: 3s 129ms

[2023-04-12T22:20:28.164Z] : [info]: ---------------------------------------------

[2023-04-12T22:21:38.010Z] : [success]: Robot saved successfully

[2023-04-12T22:21:38.099Z] : [success]: Bot started

[2023-04-12T22:21:38.100Z] : [info]: Robot start

[2023-04-12T22:21:41.254Z] : [success]: Bot finished successfully, total execution time: 3s 151ms

[2023-04-12T22:21:41.257Z] : [info]: ---------------------------------------------

[2023-04-12T22:22:06.430Z] : [success]: Robot saved successfully

[2023-04-12T22:22:10.742Z] : [success]: Bot started

[2023-04-12T22:22:10.744Z] : [info]: Robot start

[2023-04-12T22:22:13.937Z] : [success]: Bot finished successfully, total execution time: 3s 192ms

[2023-04-12T22:22:13.938Z] : [info]: ---------------------------------------------

[2023-04-12T22:22:52.814Z] : [success]: Robot saved successfully

[2023-04-12T22:22:52.890Z] : [success]: Bot started

[2023-04-12T22:22:52.891Z] : [info]: Robot start

[2023-04-12T22:22:56.051Z] : [success]: Bot finished successfully, total execution time: 3s 159ms

[2023-04-12T22:22:56.054Z] : [info]: ---------------------------------------------

[2023-04-12T22:24:26.731Z] : [success]: Robot saved successfully

[2023-04-12T22:24:31.674Z] : [success]: Bot started

[2023-04-12T22:24:31.675Z] : [info]: Robot start

[2023-04-12T22:24:34.787Z] : [success]: Bot finished successfully, total execution time: 3s 111ms

[2023-04-12T22:24:34.788Z] : [info]: ---------------------------------------------

