
  ==========================================
  Studio Pro version: 8.6.10
  Started at: 21/10/2022, 13:58:49
  ==========================================
  

[2022-10-21T17:00:08.801Z] : [success]: Robot saved successfully

[2022-10-21T17:00:11.701Z] : [success]: Robot saved successfully

[2022-10-21T17:00:18.233Z] : [info]: ---------------------------------------------

[2022-10-21T17:00:18.233Z] : [success]: Bot started

[2022-10-21T17:00:18.234Z] : [info]: Robot start

[2022-10-21T17:00:24.579Z] : [success]: Bot finished successfully, total execution time: 6s 344ms

[2022-10-21T17:00:24.581Z] : [info]: ---------------------------------------------

[2022-10-21T17:00:39.326Z] : [success]: The workflow has been exported successfully

[2022-10-21T17:01:43.501Z] : [success]: Robot saved successfully


  ==========================================
  Studio Pro version: 8.6.10
  Started at: 21/10/2022, 16:03:59
  ==========================================
  


  ==========================================
  Studio Pro version: 8.6.10
  Started at: 21/10/2022, 16:08:26
  ==========================================
  

