
  ==========================================
  Studio Pro version: 8.4.10
  Started at: 31/8/2022 11:01:21
  ==========================================
  

[2022-08-31T20:09:24.126Z] : [info]: Internet connection // error

[2022-08-31T20:10:16.192Z] : [success]: Se restablece la conexión con nuestro servidor de licencias

[2022-08-31T20:12:28.669Z] : [info]: Internet connection // error

[2022-08-31T20:13:26.236Z] : [success]: Se restablece la conexión con nuestro servidor de licencias

[2022-08-31T20:15:13.561Z] : [info]: Internet connection // error

[2022-08-31T20:16:14.120Z] : [success]: Se restablece la conexión con nuestro servidor de licencias

[2022-08-31T20:22:38.696Z] : [info]: Internet connection // error

[2022-08-31T20:23:46.461Z] : [success]: Se restablece la conexión con nuestro servidor de licencias

[2022-08-31T20:38:59.409Z] : [info]: Internet connection // error

[2022-08-31T20:39:39.721Z] : [success]: Se restablece la conexión con nuestro servidor de licencias

[2022-08-31T20:44:23.328Z] : [info]: Internet connection // error

[2022-08-31T20:44:41.335Z] : [success]: Se restablece la conexión con nuestro servidor de licencias

[2022-08-31T20:46:03.343Z] : [info]: Internet connection // error

[2022-08-31T20:46:39.174Z] : [success]: Se restablece la conexión con nuestro servidor de licencias

[2022-08-31T20:54:19.048Z] : [info]: Internet connection // error

[2022-08-31T20:54:29.599Z] : [success]: Se restablece la conexión con nuestro servidor de licencias

