
  ==========================================
  Studio Pro version: 8.3.13
  Started at: 9/8/2022, 18:18:52
  ==========================================
  

[2022-08-09T21:22:05.651Z] : [success]: Robot saved successfully

[2022-08-09T21:22:10.846Z] : [success]: Robot saved successfully

[2022-08-09T21:22:31.044Z] : [info]: ---------------------------------------------

[2022-08-09T21:22:31.045Z] : [success]: Bot started

[2022-08-09T21:22:31.046Z] : [info]: Robot start

[2022-08-09T21:22:33.120Z] : [error]: Unable to execute this activity because you do not have a Python interpreter installed on the computer

[2022-08-09T21:22:33.122Z] : [error]: Total execution time: 2s 73ms

[2022-08-09T21:22:33.124Z] : [info]: ---------------------------------------------

[2022-08-09T21:22:49.589Z] : [success]: Robot saved successfully

[2022-08-09T21:22:49.685Z] : [success]: Bot started

[2022-08-09T21:22:49.686Z] : [info]: Robot start

[2022-08-09T21:22:52.748Z] : [success]: Bot finished successfully, total execution time: 3s 61ms

[2022-08-09T21:22:52.749Z] : [info]: ---------------------------------------------

[2022-08-09T21:23:40.565Z] : [success]: Bot started

[2022-08-09T21:23:40.567Z] : [info]: Robot start

[2022-08-09T21:23:43.647Z] : [success]: Bot finished successfully, total execution time: 3s 79ms

[2022-08-09T21:23:43.648Z] : [info]: ---------------------------------------------

[2022-08-09T21:23:49.407Z] : [success]: Robot saved successfully

[2022-08-09T21:23:52.814Z] : [success]: Robot saved successfully

