
  ==========================================
  Studio Pro version: 8.4.10
  Started at: 7/9/2022, 21:14:49
  ==========================================
  

[2022-09-08T00:14:53.804Z] : [success]: Robot saved successfully

[2022-09-08T00:14:54.072Z] : [info]: ---------------------------------------------

[2022-09-08T00:14:54.104Z] : [success]: Bot started

[2022-09-08T00:14:54.107Z] : [info]: Robot start

[2022-09-08T00:16:26.899Z] : [success]: Robot saved successfully

[2022-09-08T00:16:27.157Z] : [info]: ---------------------------------------------

[2022-09-08T00:16:27.158Z] : [success]: Bot started

[2022-09-08T00:16:27.159Z] : [info]: Robot start

[2022-09-08T00:19:33.881Z] : [error]: DireccionPrincipal is not defined
      undefined

[2022-09-08T00:19:33.884Z] : [info]: ---------------------------------------------

[2022-09-08T00:20:17.022Z] : [success]: Robot saved successfully

[2022-09-08T00:26:42.457Z] : [success]: Robot saved successfully

[2022-09-08T00:26:57.649Z] : [info]: ---------------------------------------------

[2022-09-08T00:26:57.650Z] : [success]: Bot started

[2022-09-08T00:26:57.651Z] : [info]: Robot start

[2022-09-08T00:38:49.981Z] : [success]: Robot saved successfully

[2022-09-08T00:38:50.276Z] : [info]: ---------------------------------------------

[2022-09-08T00:38:50.277Z] : [success]: Bot started

[2022-09-08T00:38:50.277Z] : [info]: Robot start

[2022-09-08T00:49:36.493Z] : [error]: Script Stopped.

[2022-09-08T00:49:36.496Z] : [warn]: Total execution time: 10m 46s 215ms

[2022-09-08T00:49:36.497Z] : [info]: ---------------------------------------------

