
  ==========================================
  Studio Pro version: 8.5.8
  Started at: 13/9/2022, 14:40:31
  ==========================================
  

[2022-09-13T17:40:54.660Z] : [info]: ---------------------------------------------

[2022-09-13T17:40:54.661Z] : [success]: Bot started

[2022-09-13T17:40:54.662Z] : [info]: Robot start

[2022-09-13T17:46:43.016Z] : [success]: Robot saved successfully

[2022-09-13T17:46:43.876Z] : [info]: ---------------------------------------------

[2022-09-13T17:46:43.877Z] : [success]: Bot started

[2022-09-13T17:46:43.878Z] : [info]: Robot start

[2022-09-13T17:47:03.253Z] : [success]: Bot finished successfully, total execution time: 19s 374ms

[2022-09-13T17:47:03.255Z] : [info]: ---------------------------------------------

[2022-09-13T17:53:30.816Z] : [success]: Robot saved successfully

[2022-09-13T17:55:30.794Z] : [success]: Robot saved successfully

[2022-09-13T18:01:22.551Z] : [success]: Robot saved successfully

[2022-09-13T18:01:22.886Z] : [info]: ---------------------------------------------

[2022-09-13T18:01:22.886Z] : [success]: Bot started

[2022-09-13T18:01:22.887Z] : [info]: Robot start

[2022-09-13T18:02:09.165Z] : [success]: Robot saved successfully

[2022-09-13T18:02:09.453Z] : [success]: Bot started

[2022-09-13T18:02:09.454Z] : [info]: Robot start

[2022-09-13T18:11:46.668Z] : [success]: Robot saved successfully

[2022-09-13T18:11:46.979Z] : [info]: ---------------------------------------------

[2022-09-13T18:11:46.980Z] : [success]: Bot started

[2022-09-13T18:11:46.980Z] : [info]: Robot start

[2022-09-13T18:12:51.667Z] : [success]: Robot saved successfully

[2022-09-13T18:12:51.926Z] : [info]: ---------------------------------------------

[2022-09-13T18:12:51.927Z] : [success]: Bot started

[2022-09-13T18:12:51.927Z] : [info]: Robot start

[2022-09-13T18:15:38.405Z] : [success]: Robot saved successfully

[2022-09-13T18:15:38.614Z] : [success]: Bot started

[2022-09-13T18:15:38.616Z] : [info]: Robot start

[2022-09-13T18:16:13.175Z] : [success]: Bot finished successfully, total execution time: 34s 558ms

[2022-09-13T18:16:13.176Z] : [info]: ---------------------------------------------

