
  ==========================================
  Studio Pro version: 8.5.8
  Started at: 13/9/2022, 17:14:05
  ==========================================
  

[2022-09-13T20:25:05.926Z] : [success]: Robot saved successfully

[2022-09-13T20:25:06.387Z] : [info]: ---------------------------------------------

[2022-09-13T20:25:06.387Z] : [success]: Bot started

[2022-09-13T20:25:06.388Z] : [info]: Robot start

[2022-09-13T20:25:09.205Z] : [error]: El sistema no puede encontrar el archivo especificado

[2022-09-13T20:25:09.207Z] : [error]: Total execution time: 2s 817ms

[2022-09-13T20:25:09.210Z] : [info]: ---------------------------------------------

[2022-09-13T20:25:52.540Z] : [success]: Robot saved successfully

[2022-09-13T20:25:52.872Z] : [success]: Bot started

[2022-09-13T20:25:52.873Z] : [info]: Robot start

[2022-09-13T20:26:41.658Z] : [success]: Bot finished successfully, total execution time: 48s 784ms

[2022-09-13T20:26:41.660Z] : [info]: ---------------------------------------------

[2022-09-13T20:26:58.949Z] : [success]: Robot saved successfully

[2022-09-13T20:26:59.345Z] : [success]: Bot started

[2022-09-13T20:26:59.345Z] : [info]: Robot start

[2022-09-13T20:27:25.807Z] : [success]: Bot finished successfully, total execution time: 26s 459ms

[2022-09-13T20:27:25.808Z] : [info]: ---------------------------------------------

[2022-09-13T20:27:53.831Z] : [success]: Robot saved successfully

[2022-09-13T20:27:54.180Z] : [success]: Bot started

[2022-09-13T20:27:54.182Z] : [info]: Robot start

[2022-09-13T20:27:56.338Z] : [success]: Bot finished successfully, total execution time: 2s 155ms

[2022-09-13T20:27:56.340Z] : [info]: ---------------------------------------------

[2022-09-13T20:28:37.813Z] : [success]: Bot started

[2022-09-13T20:28:37.814Z] : [info]: Robot start

[2022-09-13T20:28:39.948Z] : [success]: Bot finished successfully, total execution time: 2s 133ms

[2022-09-13T20:28:39.949Z] : [info]: ---------------------------------------------

[2022-09-13T20:28:53.243Z] : [success]: Bot started

[2022-09-13T20:28:53.244Z] : [info]: Robot start

[2022-09-13T20:28:55.415Z] : [success]: Bot finished successfully, total execution time: 2s 170ms

[2022-09-13T20:28:55.416Z] : [info]: ---------------------------------------------

[2022-09-13T20:30:50.253Z] : [success]: Robot saved successfully

[2022-09-13T20:30:50.621Z] : [success]: Bot started

[2022-09-13T20:30:50.622Z] : [info]: Robot start

[2022-09-13T20:31:17.090Z] : [success]: Bot finished successfully, total execution time: 26s 466ms

[2022-09-13T20:31:17.091Z] : [info]: ---------------------------------------------

[2022-09-13T20:31:38.954Z] : [success]: Robot saved successfully

[2022-09-13T20:31:39.342Z] : [success]: Bot started

[2022-09-13T20:31:39.342Z] : [info]: Robot start

[2022-09-13T20:31:41.518Z] : [success]: Bot finished successfully, total execution time: 2s 173ms

[2022-09-13T20:31:41.521Z] : [info]: ---------------------------------------------

[2022-09-13T20:31:58.427Z] : [success]: Bot started

[2022-09-13T20:31:58.428Z] : [info]: Robot start

[2022-09-13T20:32:00.581Z] : [success]: Bot finished successfully, total execution time: 2s 152ms

[2022-09-13T20:32:00.582Z] : [info]: ---------------------------------------------

[2022-09-13T20:36:56.326Z] : [success]: Bot started

[2022-09-13T20:36:56.327Z] : [info]: Robot start

[2022-09-13T20:36:59.477Z] : [success]: Bot finished successfully, total execution time: 3s 149ms

[2022-09-13T20:36:59.478Z] : [info]: ---------------------------------------------

[2022-09-13T20:40:21.023Z] : [success]: Robot saved successfully

[2022-09-13T20:40:21.391Z] : [success]: Bot started

[2022-09-13T20:40:21.394Z] : [info]: Robot start

[2022-09-13T20:40:25.581Z] : [success]: Bot finished successfully, total execution time: 4s 186ms

[2022-09-13T20:40:25.582Z] : [info]: ---------------------------------------------

[2022-09-13T20:42:36.627Z] : [success]: Robot saved successfully

[2022-09-13T20:42:36.959Z] : [info]: ---------------------------------------------

[2022-09-13T20:42:36.960Z] : [success]: Bot started

[2022-09-13T20:42:36.960Z] : [info]: Robot start

[2022-09-13T20:42:41.112Z] : [success]: Bot finished successfully, total execution time: 4s 151ms

[2022-09-13T20:42:41.113Z] : [info]: ---------------------------------------------

[2022-09-13T20:42:51.957Z] : [success]: Robot saved successfully

[2022-09-13T20:42:52.295Z] : [success]: Bot started

[2022-09-13T20:42:52.300Z] : [info]: Robot start

[2022-09-13T20:42:55.439Z] : [success]: Bot finished successfully, total execution time: 3s 138ms

[2022-09-13T20:42:55.440Z] : [info]: ---------------------------------------------

[2022-09-13T20:43:11.312Z] : [success]: Robot saved successfully

[2022-09-13T20:43:11.667Z] : [success]: Bot started

[2022-09-13T20:43:11.668Z] : [info]: Robot start

[2022-09-13T20:43:13.809Z] : [success]: Bot finished successfully, total execution time: 2s 140ms

[2022-09-13T20:43:13.810Z] : [info]: ---------------------------------------------

[2022-09-13T20:44:13.002Z] : [success]: Robot saved successfully

[2022-09-13T20:44:13.355Z] : [success]: Bot started

[2022-09-13T20:44:13.356Z] : [info]: Robot start

[2022-09-13T20:44:17.536Z] : [success]: Bot finished successfully, total execution time: 4s 179ms

[2022-09-13T20:44:17.537Z] : [info]: ---------------------------------------------

[2022-09-13T20:45:37.195Z] : [success]: Bot started

[2022-09-13T20:45:37.196Z] : [info]: Robot start

[2022-09-13T20:45:41.368Z] : [success]: Bot finished successfully, total execution time: 4s 171ms

[2022-09-13T20:45:41.369Z] : [info]: ---------------------------------------------

[2022-09-13T20:45:51.633Z] : [success]: Bot started

[2022-09-13T20:45:51.634Z] : [info]: Robot start

[2022-09-13T20:45:55.818Z] : [success]: Bot finished successfully, total execution time: 4s 183ms

[2022-09-13T20:45:55.819Z] : [info]: ---------------------------------------------

[2022-09-13T20:46:07.713Z] : [success]: Bot started

[2022-09-13T20:46:07.714Z] : [info]: Robot start

[2022-09-13T20:46:11.927Z] : [success]: Bot finished successfully, total execution time: 4s 212ms

[2022-09-13T20:46:11.928Z] : [info]: ---------------------------------------------

[2022-09-13T20:46:24.569Z] : [success]: Bot started

[2022-09-13T20:46:24.570Z] : [info]: Robot start

[2022-09-13T20:46:28.749Z] : [success]: Bot finished successfully, total execution time: 4s 178ms

[2022-09-13T20:46:28.750Z] : [info]: ---------------------------------------------

[2022-09-13T20:46:38.499Z] : [success]: Bot started

[2022-09-13T20:46:38.500Z] : [info]: Robot start

[2022-09-13T20:46:42.674Z] : [success]: Bot finished successfully, total execution time: 4s 172ms

[2022-09-13T20:46:42.675Z] : [info]: ---------------------------------------------

[2022-09-13T20:46:55.022Z] : [success]: Bot started

[2022-09-13T20:46:55.023Z] : [info]: Robot start

[2022-09-13T20:46:58.168Z] : [success]: Bot finished successfully, total execution time: 3s 144ms

[2022-09-13T20:46:58.169Z] : [info]: ---------------------------------------------

[2022-09-13T20:47:28.160Z] : [success]: Robot saved successfully

[2022-09-13T20:47:28.501Z] : [success]: Bot started

[2022-09-13T20:47:28.504Z] : [info]: Robot start

[2022-09-13T20:47:32.646Z] : [success]: Bot finished successfully, total execution time: 4s 140ms

[2022-09-13T20:47:32.647Z] : [info]: ---------------------------------------------

[2022-09-13T20:48:34.506Z] : [success]: Bot started

[2022-09-13T20:48:34.507Z] : [info]: Robot start

[2022-09-13T20:48:38.685Z] : [success]: Bot finished successfully, total execution time: 4s 177ms

[2022-09-13T20:48:38.686Z] : [info]: ---------------------------------------------

[2022-09-13T20:48:47.107Z] : [success]: Bot started

[2022-09-13T20:48:47.108Z] : [info]: Robot start

[2022-09-13T20:48:51.318Z] : [success]: Bot finished successfully, total execution time: 4s 208ms

[2022-09-13T20:48:51.320Z] : [info]: ---------------------------------------------

[2022-09-13T20:49:08.045Z] : [success]: Robot saved successfully

[2022-09-13T20:49:08.410Z] : [success]: Bot started

[2022-09-13T20:49:08.410Z] : [info]: Robot start

[2022-09-13T20:49:12.527Z] : [success]: Bot finished successfully, total execution time: 4s 116ms

[2022-09-13T20:49:12.528Z] : [info]: ---------------------------------------------

[2022-09-13T20:49:17.269Z] : [success]: Bot started

[2022-09-13T20:49:17.270Z] : [info]: Robot start

[2022-09-13T20:49:20.417Z] : [success]: Bot finished successfully, total execution time: 3s 146ms

[2022-09-13T20:49:20.418Z] : [info]: ---------------------------------------------

[2022-09-13T20:49:32.765Z] : [success]: Robot saved successfully

[2022-09-13T20:49:33.105Z] : [success]: Bot started

[2022-09-13T20:49:33.106Z] : [info]: Robot start

[2022-09-13T20:49:37.259Z] : [success]: Bot finished successfully, total execution time: 4s 152ms

[2022-09-13T20:49:37.260Z] : [info]: ---------------------------------------------

[2022-09-13T20:49:48.075Z] : [success]: Bot started

[2022-09-13T20:49:48.076Z] : [info]: Robot start

[2022-09-13T20:49:51.221Z] : [success]: Bot finished successfully, total execution time: 3s 144ms

[2022-09-13T20:49:51.222Z] : [info]: ---------------------------------------------

[2022-09-13T20:49:58.950Z] : [success]: Bot started

[2022-09-13T20:49:58.951Z] : [info]: Robot start

[2022-09-13T20:50:02.054Z] : [success]: Bot finished successfully, total execution time: 3s 102ms

[2022-09-13T20:50:02.055Z] : [info]: ---------------------------------------------

[2022-09-13T20:50:46.212Z] : [success]: Robot saved successfully


  ==========================================
  Studio Pro version: 8.5.8
  Started at: 13/9/2022, 18:37:45
  ==========================================
  

[2022-09-13T21:40:17.028Z] : [success]: Robot saved successfully

[2022-09-13T21:40:17.538Z] : [info]: ---------------------------------------------

[2022-09-13T21:40:17.539Z] : [success]: Bot started

[2022-09-13T21:40:17.540Z] : [info]: Robot start

[2022-09-13T21:40:29.738Z] : [error]: No elements were found according to your selection. It may happen because of a wrong selector or because the element takes more time to appear on the screen. Try modifying the selector or increasing the element timeout and run the bot again.

[2022-09-13T21:40:29.740Z] : [error]: Total execution time: 12s 198ms

[2022-09-13T21:40:29.741Z] : [info]: ---------------------------------------------

[2022-09-13T21:40:30.333Z] : [warn]: There is a small amount of free memory (RAM) left, 91.79% of RAM is being used (11195 MBs). The performance of Studio Pro and bots during execution may be unstable. Close applications that are not being used, increase the memory, or optimize the workflow.

[2022-09-13T21:41:12.461Z] : [success]: Robot saved successfully

[2022-09-13T21:41:12.906Z] : [success]: Bot started

[2022-09-13T21:41:12.909Z] : [info]: Robot start

[2022-09-13T21:42:13.054Z] : [error]: No elements were found according to your selection. It may happen because of a wrong selector or because the element takes more time to appear on the screen. Try modifying the selector or increasing the element timeout and run the bot again

[2022-09-13T21:42:13.056Z] : [error]: Total execution time: 1m 144ms

[2022-09-13T21:42:13.057Z] : [info]: ---------------------------------------------

[2022-09-14T16:41:17.658Z] : [warn]: You opened a file that contained UI elements to interact with. But Studio Pro can't find the elements. This happens because the .neek file can't find the .elm file associated with the workflow. Please, put the .elm file to the corresponding elements folder in the same folder where the workflow is placed or select the elements manually again. Reopen the workflow


  ==========================================
  Studio Pro version: 8.5.8
  Started at: 14/9/2022, 13:41:18
  ==========================================
  


  ==========================================
  Studio Pro version: 8.5.8
  Started at: 14/9/2022, 16:51:55
  ==========================================
  

