
  ==========================================
  Studio Pro version: 8.3.13
  Started at: 25/8/2022 17:29:06
  ==========================================
  

[2022-08-25T23:53:46.133Z] : [success]: Robot guardado correctamente

[2022-08-25T23:57:05.756Z] : [success]: Robot guardado correctamente

[2022-08-25T23:57:14.227Z] : [success]: Robot guardado correctamente

[2022-08-25T23:57:35.057Z] : [success]: Bot iniciado

[2022-08-25T23:57:35.057Z] : [info]: Robot start

[2022-08-25T23:58:44.605Z] : [error]: Script stopped.

[2022-08-25T23:58:44.614Z] : [error]: Tiempo total de ejecución: 1m 9s 546ms

[2022-08-25T23:58:44.615Z] : [info]: ---------------------------------------------

[2022-08-25T23:59:06.183Z] : [success]: Robot guardado correctamente

[2022-08-25T23:59:20.928Z] : [success]: Bot iniciado

[2022-08-25T23:59:20.929Z] : [info]: Robot start

[2022-08-26T00:01:13.666Z] : [success]: El bot terminó con éxito, tiempo total de ejecución: 1m 52s 734ms

[2022-08-26T00:01:13.667Z] : [info]: ---------------------------------------------

[2022-08-26T00:04:52.967Z] : [success]: Robot guardado correctamente

[2022-08-26T00:04:58.866Z] : [success]: Bot iniciado

[2022-08-26T00:04:58.867Z] : [info]: Robot start

[2022-08-26T00:06:16.354Z] : [success]: El bot terminó con éxito, tiempo total de ejecución: 1m 17s 486ms

[2022-08-26T00:06:16.356Z] : [info]: ---------------------------------------------

