
  ==========================================
  Studio Pro version: 8.3.13
  Started at: 25/8/2022 18:39:34
  ==========================================
  

[2022-08-26T00:39:46.866Z] : [info]: ---------------------------------------------

[2022-08-26T00:39:46.867Z] : [success]: Bot iniciado

[2022-08-26T00:39:46.868Z] : [info]: Robot start

[2022-08-26T00:40:48.693Z] : [error]: Script stopped.

[2022-08-26T00:40:48.697Z] : [error]: Tiempo total de ejecución: 1m 1s 824ms

[2022-08-26T00:40:48.698Z] : [info]: ---------------------------------------------

[2022-08-26T00:41:05.770Z] : [success]: Robot guardado correctamente

[2022-08-26T00:41:05.799Z] : [success]: Bot iniciado

[2022-08-26T00:41:05.801Z] : [info]: Robot start

[2022-08-26T00:43:24.207Z] : [success]: El bot terminó con éxito, tiempo total de ejecución: 2m 18s 404ms

[2022-08-26T00:43:24.209Z] : [info]: ---------------------------------------------

[2022-08-26T00:45:47.676Z] : [success]: Robot guardado correctamente

[2022-08-26T00:51:38.752Z] : [success]: Bot iniciado

[2022-08-26T00:51:38.753Z] : [info]: Robot start

[2022-08-26T00:54:04.030Z] : [success]: El bot terminó con éxito, tiempo total de ejecución: 2m 25s 274ms

[2022-08-26T00:54:04.031Z] : [info]: ---------------------------------------------

[2022-08-26T00:57:27.840Z] : [success]: Robot guardado correctamente

[2022-08-26T00:57:35.526Z] : [error]: ENOENT: no such file or directory, unlink 'D:\Users\kelly\Documents\ANC\AbrirExcel.neek.backup'

[2022-08-26T00:57:40.136Z] : [success]: Robot guardado correctamente

[2022-08-26T01:48:12.787Z] : [success]: Robot guardado correctamente


  ==========================================
  Studio Pro version: 8.3.13
  Started at: 25/8/2022 19:49:03
  ==========================================
  

[2022-08-26T01:49:06.031Z] : [success]: Robot guardado correctamente

[2022-08-26T01:55:39.575Z] : [success]: Robot guardado correctamente

