
  ==========================================
  Studio Pro version: 8.6.10
  Started at: 7/11/2022, 19:20:23
  ==========================================
  

[2022-11-07T22:21:23.730Z] : [warn]: There is a small amount of free memory (RAM) left, 92.84% of RAM is being used (11323 MBs). The performance of Studio Pro and bots during execution may be unstable. Close applications that are not being used, increase the memory, or optimize the workflow.

[2022-11-07T22:24:10.787Z] : [success]: Robot saved successfully

[2022-11-07T22:24:10.916Z] : [info]: ---------------------------------------------

[2022-11-07T22:24:10.918Z] : [success]: Bot started

[2022-11-07T22:24:10.921Z] : [info]: Robot start

[2022-11-07T22:24:21.635Z] : [success]: Bot finished successfully, total execution time: 10s 713ms

[2022-11-07T22:24:21.636Z] : [info]: ---------------------------------------------

[2022-11-07T22:24:23.738Z] : [warn]: There is a small amount of free memory (RAM) left, 93.51% of RAM is being used (11404 MBs). The performance of Studio Pro and bots during execution may be unstable. Close applications that are not being used, increase the memory, or optimize the workflow.

[2022-11-07T22:27:23.751Z] : [warn]: There is a small amount of free memory (RAM) left, 92.35% of RAM is being used (11263 MBs). The performance of Studio Pro and bots during execution may be unstable. Close applications that are not being used, increase the memory, or optimize the workflow.

[2022-11-07T22:28:27.839Z] : [success]: Robot saved successfully

[2022-11-07T22:28:32.081Z] : [info]: ---------------------------------------------

[2022-11-07T22:28:32.082Z] : [success]: Bot started

[2022-11-07T22:28:32.083Z] : [info]: Robot start

[2022-11-07T22:28:47.076Z] : [success]: Bot finished successfully, total execution time: 14s 992ms

[2022-11-07T22:28:47.077Z] : [info]: ---------------------------------------------

[2022-11-07T22:28:58.301Z] : [success]: Robot saved successfully

[2022-11-07T22:29:02.543Z] : [success]: Bot started

[2022-11-07T22:29:02.544Z] : [info]: Robot start

[2022-11-07T22:29:21.596Z] : [success]: Bot finished successfully, total execution time: 19s 51ms

[2022-11-07T22:29:21.597Z] : [info]: ---------------------------------------------

[2022-11-07T22:29:29.064Z] : [success]: Robot saved successfully

[2022-11-07T22:29:32.979Z] : [success]: Bot started

[2022-11-07T22:29:32.980Z] : [info]: Robot start

[2022-11-07T22:29:45.831Z] : [success]: Bot finished successfully, total execution time: 12s 850ms

[2022-11-07T22:29:45.832Z] : [info]: ---------------------------------------------

[2022-11-07T22:30:23.767Z] : [warn]: There is a small amount of free memory (RAM) left, 93.56% of RAM is being used (11410 MBs). The performance of Studio Pro and bots during execution may be unstable. Close applications that are not being used, increase the memory, or optimize the workflow.

[2022-11-07T22:31:53.222Z] : [success]: Robot saved successfully

[2022-11-07T22:31:53.364Z] : [success]: Bot started

[2022-11-07T22:31:53.365Z] : [info]: Robot start

[2022-11-07T22:32:10.342Z] : [success]: Bot finished successfully, total execution time: 16s 976ms

[2022-11-07T22:32:10.343Z] : [info]: ---------------------------------------------

[2022-11-07T22:33:23.804Z] : [warn]: There is a small amount of free memory (RAM) left, 93.97% of RAM is being used (11461 MBs). The performance of Studio Pro and bots during execution may be unstable. Close applications that are not being used, increase the memory, or optimize the workflow.

[2022-11-07T22:36:23.808Z] : [warn]: There is a small amount of free memory (RAM) left, 90.89% of RAM is being used (11085 MBs). The performance of Studio Pro and bots during execution may be unstable. Close applications that are not being used, increase the memory, or optimize the workflow.

[2022-11-07T22:39:53.692Z] : [warn]: There is a small amount of free memory (RAM) left, 95.3% of RAM is being used (11623 MBs). The performance of Studio Pro and bots during execution may be unstable. Close applications that are not being used, increase the memory, or optimize the workflow.

[2022-11-07T22:42:53.695Z] : [warn]: There is a small amount of free memory (RAM) left, 95.37% of RAM is being used (11631 MBs). The performance of Studio Pro and bots during execution may be unstable. Close applications that are not being used, increase the memory, or optimize the workflow.

[2022-11-07T22:44:53.689Z] : [warn]: There is a small amount of free memory (RAM) left, 90.2% of RAM is being used (11001 MBs). The performance of Studio Pro and bots during execution may be unstable. Close applications that are not being used, increase the memory, or optimize the workflow.

[2022-11-07T22:46:15.485Z] : [success]: Robot saved successfully

