
  ==========================================
  Studio Pro version: 8.4.10
  Started at: 26/8/2022, 9:49:09
  ==========================================
  

[2022-08-26T12:54:10.435Z] : [success]: Robot saved successfully

[2022-08-26T12:54:10.572Z] : [success]: Bot started

[2022-08-26T12:54:10.573Z] : [info]: Robot start

[2022-08-26T12:54:21.621Z] : [success]: Bot finished successfully, total execution time: 11s 47ms

[2022-08-26T12:54:21.622Z] : [info]: ---------------------------------------------

[2022-08-26T12:54:57.674Z] : [success]: Robot saved successfully

[2022-08-26T12:54:57.863Z] : [success]: Bot started

[2022-08-26T12:54:57.864Z] : [info]: Robot start

[2022-08-26T12:55:01.029Z] : [error]: Input file not found

[2022-08-26T12:55:01.031Z] : [error]: Total execution time: 3s 164ms

[2022-08-26T12:55:01.032Z] : [info]: ---------------------------------------------

[2022-08-26T12:55:14.614Z] : [success]: Robot saved successfully

[2022-08-26T12:55:20.101Z] : [info]: ---------------------------------------------

[2022-08-26T12:55:20.103Z] : [success]: Bot started

[2022-08-26T12:55:20.104Z] : [info]: Robot start

[2022-08-26T12:55:26.280Z] : [error]: "Could not find valid signature (%PDF-)."


[2022-08-26T12:55:26.281Z] : [error]: Total execution time: 6s 176ms

[2022-08-26T12:55:26.282Z] : [info]: ---------------------------------------------

[2022-08-26T12:56:36.884Z] : [success]: Robot saved successfully

[2022-08-26T12:56:37.017Z] : [info]: ---------------------------------------------

[2022-08-26T12:56:37.017Z] : [success]: Bot started

[2022-08-26T12:56:37.018Z] : [info]: Robot start

[2022-08-26T12:56:42.178Z] : [success]: Bot finished successfully, total execution time: 5s 159ms

[2022-08-26T12:56:42.179Z] : [info]: ---------------------------------------------

[2022-08-26T13:03:57.492Z] : [success]: Robot saved successfully

[2022-08-26T13:03:57.766Z] : [success]: Bot started

[2022-08-26T13:03:57.767Z] : [info]: Robot start

[2022-08-26T13:04:05.715Z] : [success]: Bot finished successfully, total execution time: 7s 946ms

[2022-08-26T13:04:05.716Z] : [info]: ---------------------------------------------

[2022-08-26T13:06:10.593Z] : [success]: Robot saved successfully

[2022-08-26T13:06:16.609Z] : [success]: Bot started

[2022-08-26T13:06:16.610Z] : [info]: Robot start

[2022-08-26T13:06:21.776Z] : [success]: Bot finished successfully, total execution time: 5s 163ms

[2022-08-26T13:06:21.780Z] : [info]: ---------------------------------------------

[2022-08-26T13:08:11.985Z] : [success]: Robot saved successfully

[2022-08-26T13:08:16.482Z] : [success]: Robot saved successfully

[2022-08-26T13:08:23.978Z] : [success]: Robot saved successfully

