
  ==========================================
  Studio Pro version: 8.4.10
  Started at: 20/8/2022, 15:50:44
  ==========================================
  

[2022-08-20T18:51:12.914Z] : [info]: ---------------------------------------------

[2022-08-20T18:51:12.915Z] : [success]: Bot started

[2022-08-20T18:51:12.916Z] : [info]: Robot start


  ==========================================
  Studio Pro version: 8.4.10
  Started at: 20/8/2022, 16:59:30
  ==========================================
  

[2022-08-20T19:59:41.142Z] : [success]: Robot saved successfully

[2022-08-20T20:04:53.424Z] : [success]: Robot saved successfully

[2022-08-20T20:04:53.440Z] : [info]: ---------------------------------------------

[2022-08-20T20:04:53.441Z] : [success]: Bot started

[2022-08-20T20:04:53.441Z] : [info]: Robot start

[2022-08-20T20:06:00.764Z] : [success]: Robot saved successfully

[2022-08-20T20:06:00.799Z] : [info]: ---------------------------------------------

[2022-08-20T20:06:00.800Z] : [success]: Bot started

[2022-08-20T20:06:00.801Z] : [info]: Robot start

[2022-08-20T20:06:15.033Z] : [success]: Bot finished successfully, total execution time: 14s 231ms

[2022-08-20T20:06:15.034Z] : [info]: ---------------------------------------------

[2022-08-20T20:07:21.245Z] : [success]: Robot saved successfully

[2022-08-20T20:07:21.256Z] : [info]: ---------------------------------------------

[2022-08-20T20:07:21.257Z] : [success]: Bot started

[2022-08-20T20:07:21.257Z] : [info]: Robot start

[2022-08-20T20:07:31.446Z] : [success]: Bot finished successfully, total execution time: 10s 186ms

[2022-08-20T20:07:31.448Z] : [info]: ---------------------------------------------

[2022-08-20T20:07:47.216Z] : [success]: Robot saved successfully

[2022-08-20T20:07:47.230Z] : [success]: Bot started

[2022-08-20T20:07:47.230Z] : [info]: Robot start

[2022-08-20T20:08:14.535Z] : [success]: Bot finished successfully, total execution time: 27s 304ms

[2022-08-20T20:08:14.537Z] : [info]: ---------------------------------------------

[2022-08-20T20:10:02.522Z] : [success]: Robot saved successfully

[2022-08-20T20:10:02.537Z] : [success]: Bot started

[2022-08-20T20:10:02.537Z] : [info]: Robot start

[2022-08-20T20:10:28.964Z] : [success]: Bot finished successfully, total execution time: 26s 426ms

[2022-08-20T20:10:28.965Z] : [info]: ---------------------------------------------

[2022-08-20T21:02:10.445Z] : [success]: Robot saved successfully

[2022-08-20T21:02:10.468Z] : [info]: ---------------------------------------------

[2022-08-20T21:02:10.469Z] : [success]: Bot started

[2022-08-20T21:02:10.470Z] : [info]: Robot start

[2022-08-20T21:02:26.780Z] : [success]: Bot finished successfully, total execution time: 16s 309ms

[2022-08-20T21:02:26.782Z] : [info]: ---------------------------------------------

[2022-08-20T21:04:20.136Z] : [success]: Robot saved successfully

[2022-08-20T21:04:20.161Z] : [success]: Bot started

[2022-08-20T21:04:20.162Z] : [info]: Robot start

[2022-08-20T21:07:35.276Z] : [success]: Robot saved successfully

[2022-08-20T21:07:35.298Z] : [info]: ---------------------------------------------

[2022-08-20T21:07:35.299Z] : [success]: Bot started

[2022-08-20T21:07:35.299Z] : [info]: Robot start

[2022-08-20T21:10:27.125Z] : [success]: Robot saved successfully

[2022-08-20T21:10:27.145Z] : [info]: ---------------------------------------------

[2022-08-20T21:10:27.146Z] : [success]: Bot started

[2022-08-20T21:10:27.146Z] : [info]: Robot start

