
  ==========================================
  Studio Pro version: 8.5.8
  Started at: 13/9/2022, 14:12:47
  ==========================================
  

[2022-09-13T17:12:49.483Z] : [success]: Robot saved successfully

[2022-09-13T17:13:58.269Z] : [success]: Robot saved successfully

[2022-09-13T17:13:58.381Z] : [info]: ---------------------------------------------

[2022-09-13T17:13:58.381Z] : [success]: Bot started

[2022-09-13T17:13:58.382Z] : [info]: Robot start

[2022-09-13T17:14:00.498Z] : [error]: Failed to upload the file. Make sure that you are trying to upload a file (not a folder), that the provided path exists and that the specified ID or URL for the target folder exists as well.

[2022-09-13T17:14:00.501Z] : [error]: Total execution time: 2s 116ms

[2022-09-13T17:14:00.502Z] : [info]: ---------------------------------------------

[2022-09-13T17:17:13.105Z] : [info]: ---------------------------------------------

[2022-09-13T17:17:13.106Z] : [success]: Bot started

[2022-09-13T17:17:13.106Z] : [info]: Robot start

[2022-09-13T17:17:15.260Z] : [error]: Failed to upload the file. Make sure that you are trying to upload a file (not a folder), that the provided path exists and that the specified ID or URL for the target folder exists as well.

[2022-09-13T17:17:15.262Z] : [error]: Total execution time: 2s 154ms

[2022-09-13T17:17:15.263Z] : [info]: ---------------------------------------------

[2022-09-13T17:18:00.593Z] : [success]: Robot saved successfully

[2022-09-13T17:18:00.662Z] : [success]: Bot started

[2022-09-13T17:18:00.662Z] : [info]: Robot start

[2022-09-13T17:18:02.765Z] : [error]: Failed to upload the file. Make sure that you are trying to upload a file (not a folder), that the provided path exists and that the specified ID or URL for the target folder exists as well.

[2022-09-13T17:18:02.768Z] : [error]: Total execution time: 2s 103ms

[2022-09-13T17:18:02.768Z] : [info]: ---------------------------------------------

[2022-09-13T17:18:16.073Z] : [info]: ---------------------------------------------

[2022-09-13T17:18:16.074Z] : [success]: Bot started

[2022-09-13T17:18:16.074Z] : [info]: Robot start

[2022-09-13T17:18:18.186Z] : [error]: Failed to upload the file. Make sure that you are trying to upload a file (not a folder), that the provided path exists and that the specified ID or URL for the target folder exists as well.

[2022-09-13T17:18:18.187Z] : [error]: Total execution time: 2s 112ms

[2022-09-13T17:18:18.188Z] : [info]: ---------------------------------------------

[2022-09-13T17:21:27.422Z] : [info]: ---------------------------------------------

[2022-09-13T17:21:27.424Z] : [success]: Bot started

[2022-09-13T17:21:27.425Z] : [info]: Robot start

[2022-09-13T17:21:29.572Z] : [error]: Failed to upload the file. Make sure that you are trying to upload a file (not a folder), that the provided path exists and that the specified ID or URL for the target folder exists as well.

[2022-09-13T17:21:29.574Z] : [error]: Total execution time: 2s 147ms

[2022-09-13T17:21:29.575Z] : [info]: ---------------------------------------------

[2022-09-13T17:22:42.006Z] : [success]: Robot saved successfully

[2022-09-13T17:22:42.077Z] : [success]: Bot started

[2022-09-13T17:22:42.078Z] : [info]: Robot start

[2022-09-13T17:22:44.189Z] : [error]: Failed to upload the file. Make sure that you are trying to upload a file (not a folder), that the provided path exists and that the specified ID or URL for the target folder exists as well.

[2022-09-13T17:22:44.191Z] : [error]: Total execution time: 2s 110ms

[2022-09-13T17:22:44.192Z] : [info]: ---------------------------------------------

[2022-09-13T17:24:17.488Z] : [success]: Robot saved successfully

[2022-09-13T17:24:17.579Z] : [info]: ---------------------------------------------

[2022-09-13T17:24:17.580Z] : [success]: Bot started

[2022-09-13T17:24:17.580Z] : [info]: Robot start

[2022-09-13T17:24:19.692Z] : [error]: Failed to upload the file. Make sure that you are trying to upload a file (not a folder), that the provided path exists and that the specified ID or URL for the target folder exists as well.

[2022-09-13T17:24:19.694Z] : [error]: Total execution time: 2s 112ms

[2022-09-13T17:24:19.695Z] : [info]: ---------------------------------------------

[2022-09-13T17:27:25.182Z] : [success]: Robot saved successfully

[2022-09-13T17:27:25.250Z] : [info]: ---------------------------------------------

[2022-09-13T17:27:25.251Z] : [success]: Bot started

[2022-09-13T17:27:25.251Z] : [info]: Robot start

[2022-09-13T17:27:29.401Z] : [success]: Bot finished successfully, total execution time: 4s 147ms

[2022-09-13T17:27:29.402Z] : [info]: ---------------------------------------------

[2022-09-13T17:34:03.139Z] : [success]: Bot started

[2022-09-13T17:34:03.141Z] : [info]: Robot start

[2022-09-13T17:34:05.247Z] : [error]: Failed to upload the file. Make sure that you are trying to upload a file (not a folder), that the provided path exists and that the specified ID or URL for the target folder exists as well.

[2022-09-13T17:34:05.249Z] : [error]: Total execution time: 2s 106ms

[2022-09-13T17:34:05.250Z] : [info]: ---------------------------------------------

