
  ==========================================
  Studio Pro version: 8.5.8
  Started at: 4/10/2022, 21:34:15
  ==========================================
  

[2022-10-05T00:35:54.350Z] : [success]: Robot saved successfully

[2022-10-05T00:35:54.458Z] : [info]: ---------------------------------------------

[2022-10-05T00:35:54.459Z] : [success]: Bot started

[2022-10-05T00:35:54.460Z] : [info]: Robot start

[2022-10-05T00:35:56.589Z] : [error]: Bot failed to execute the macros: the Sub or Function name you specified doesn’t exist in the script file. Correct the name of the Sub or Function you want to execute and run the bot again.

[2022-10-05T00:35:56.591Z] : [error]: Total execution time: 2s 128ms

[2022-10-05T00:35:56.592Z] : [info]: ---------------------------------------------

[2022-10-05T00:36:11.070Z] : [success]: Robot saved successfully

[2022-10-05T00:36:11.164Z] : [success]: Bot started

[2022-10-05T00:36:11.165Z] : [info]: Robot start

[2022-10-05T00:36:13.317Z] : [success]: Bot finished successfully, total execution time: 2s 152ms

[2022-10-05T00:36:13.318Z] : [info]: ---------------------------------------------

[2022-10-05T00:37:11.878Z] : [success]: Robot saved successfully

[2022-10-05T00:37:15.849Z] : [info]: ---------------------------------------------

[2022-10-05T00:37:15.850Z] : [success]: Bot started

[2022-10-05T00:37:15.858Z] : [info]: Robot start

[2022-10-05T00:37:16.960Z] : [success]: Bot finished successfully, total execution time: 1s 101ms

[2022-10-05T00:37:16.961Z] : [info]: ---------------------------------------------

[2022-10-05T00:38:19.745Z] : [info]: ---------------------------------------------

[2022-10-05T00:38:19.745Z] : [success]: Bot started

[2022-10-05T00:38:19.747Z] : [info]: Robot start

[2022-10-05T00:38:21.882Z] : [success]: Bot finished successfully, total execution time: 2s 131ms

[2022-10-05T00:38:21.885Z] : [info]: ---------------------------------------------

[2022-10-05T00:42:52.747Z] : [success]: Bot started

[2022-10-05T00:42:52.748Z] : [info]: Robot start

[2022-10-05T00:42:53.882Z] : [success]: Bot finished successfully, total execution time: 1s 133ms

[2022-10-05T00:42:53.883Z] : [info]: ---------------------------------------------

[2022-10-05T00:45:00.018Z] : [info]: ---------------------------------------------

[2022-10-05T00:45:00.019Z] : [success]: Bot started

[2022-10-05T00:45:00.020Z] : [info]: Robot start

[2022-10-05T00:45:02.125Z] : [success]: Bot finished successfully, total execution time: 2s 104ms

[2022-10-05T00:45:02.126Z] : [info]: ---------------------------------------------

[2022-10-05T00:48:03.314Z] : [success]: Robot saved successfully

[2022-10-05T00:48:03.414Z] : [info]: ---------------------------------------------

[2022-10-05T00:48:03.416Z] : [success]: Bot started

[2022-10-05T00:48:03.418Z] : [info]: Robot start

[2022-10-05T00:48:05.509Z] : [success]: Bot finished successfully, total execution time: 2s 89ms

[2022-10-05T00:48:05.511Z] : [info]: ---------------------------------------------

[2022-10-05T00:49:56.054Z] : [warn]: There is a small amount of free memory (RAM) left, 90.69% of RAM is being used (11060 MBs). The performance of Studio Pro and bots during execution may be unstable. Close applications that are not being used, increase the memory, or optimize the workflow.

[2022-10-05T00:50:36.850Z] : [info]: ---------------------------------------------

[2022-10-05T00:50:36.852Z] : [success]: Bot started

[2022-10-05T00:50:36.854Z] : [info]: Robot start

[2022-10-05T00:50:39.059Z] : [success]: Bot finished successfully, total execution time: 2s 204ms

[2022-10-05T00:50:39.060Z] : [info]: ---------------------------------------------

