
  ==========================================
  Studio Pro version: 9.0.5
  Started at: 18/1/2023, 20:24:19
  ==========================================
  

[2023-01-18T23:24:49.014Z] : [success]: Robot saved successfully

[2023-01-18T23:24:49.124Z] : [info]: ---------------------------------------------

[2023-01-18T23:24:49.124Z] : [success]: Bot started

[2023-01-18T23:24:49.126Z] : [info]: Robot start

[2023-01-18T23:24:50.254Z] : [success]: Bot finished successfully, total execution time: 1s 126ms

[2023-01-18T23:24:50.255Z] : [info]: ---------------------------------------------

[2023-01-18T23:25:25.168Z] : [success]: Robot saved successfully

[2023-01-18T23:25:25.293Z] : [success]: Bot started

[2023-01-18T23:25:25.293Z] : [info]: Robot start

[2023-01-18T23:25:26.392Z] : [success]: Bot finished successfully, total execution time: 1s 97ms

[2023-01-18T23:25:26.394Z] : [info]: ---------------------------------------------

[2023-01-18T23:31:25.874Z] : [success]: Bot started

[2023-01-18T23:31:25.875Z] : [info]: Robot start

[2023-01-18T23:31:27.007Z] : [success]: Bot finished successfully, total execution time: 1s 129ms

[2023-01-18T23:31:27.011Z] : [info]: ---------------------------------------------

[2023-01-18T23:32:08.623Z] : [success]: Robot saved successfully

[2023-01-18T23:32:08.734Z] : [success]: Bot started

[2023-01-18T23:32:08.735Z] : [info]: Robot start

[2023-01-18T23:32:09.862Z] : [success]: Bot finished successfully, total execution time: 1s 126ms

[2023-01-18T23:32:09.863Z] : [info]: ---------------------------------------------

