
  ==========================================
  Studio Pro version: 8.5.8
  Started at: 13/9/2022, 14:43:34
  ==========================================
  


  ==========================================
  Studio Pro version: 8.5.8
  Started at: 13/9/2022, 14:55:57
  ==========================================
  

[2022-09-13T18:01:34.521Z] : [error]: Contador is not defined

[2022-09-13T18:01:34.526Z] : [error]: Total execution time: 11s 633ms

[2022-09-13T18:01:34.527Z] : [info]: ---------------------------------------------


  ==========================================
  Studio Pro version: 8.5.8
  Started at: 13/9/2022, 15:01:34
  ==========================================
  

[2022-09-13T18:02:01.226Z] : [success]: Robot saved successfully


  ==========================================
  Studio Pro version: 8.5.8
  Started at: 13/9/2022, 15:02:54
  ==========================================
  

[2022-09-13T18:06:12.983Z] : [success]: Robot saved successfully


  ==========================================
  Studio Pro version: 8.5.8
  Started at: 13/9/2022, 15:07:01
  ==========================================
  

[2022-09-13T18:16:46.148Z] : [success]: Robot saved successfully

