
  ==========================================
  Studio Pro version: 8.3.13
  Started at: 18/8/2022, 11:18:48
  ==========================================
  

[2022-08-18T14:18:52.916Z] : [success]: Robot saved successfully

[2022-08-18T14:19:30.416Z] : [success]: Robot saved successfully

[2022-08-18T14:19:30.489Z] : [info]: ---------------------------------------------

[2022-08-18T14:19:30.489Z] : [success]: Bot started

[2022-08-18T14:19:30.490Z] : [info]: Robot start

[2022-08-18T14:19:38.634Z] : [success]: Bot finished successfully, total execution time: 8s 142ms

[2022-08-18T14:19:38.638Z] : [info]: ---------------------------------------------


  ==========================================
  Studio Pro version: 8.3.13
  Started at: 18/8/2022, 12:41:54
  ==========================================
  

[2022-08-18T15:42:07.141Z] : [info]: ---------------------------------------------

[2022-08-18T15:42:07.142Z] : [success]: Bot started

[2022-08-18T15:42:07.142Z] : [info]: Robot start

[2022-08-18T15:42:18.899Z] : [success]: Bot finished successfully, total execution time: 11s 756ms

[2022-08-18T15:42:18.900Z] : [info]: ---------------------------------------------

[2022-08-18T16:11:11.546Z] : [info]: Internet connection // error

[2022-08-18T16:11:13.771Z] : [success]: Connection to our licenses server is restored

