
  ==========================================
  Studio Pro version: 8.5.8
  Started at: 13/9/2022, 14:56:28
  ==========================================
  

[2022-09-13T17:56:42.478Z] : [success]: Robot saved successfully


  ==========================================
  Studio Pro version: 8.5.8
  Started at: 13/9/2022, 14:58:00
  ==========================================
  

[2022-09-13T17:59:14.798Z] : [success]: Robot saved successfully

[2022-09-13T18:02:20.896Z] : [error]: Cannot read properties of undefined (reading 'apply')

[2022-09-13T18:02:20.898Z] : [error]: Total execution time: 11s 441ms

[2022-09-13T18:02:20.899Z] : [info]: ---------------------------------------------


  ==========================================
  Studio Pro version: 8.5.8
  Started at: 13/9/2022, 15:02:21
  ==========================================
  

[2022-09-13T18:11:29.551Z] : [success]: Robot saved successfully

[2022-09-13T18:12:05.312Z] : [error]: ANC_LIST is not defined

[2022-09-13T18:12:05.315Z] : [error]: Total execution time: 18s 331ms

[2022-09-13T18:12:05.316Z] : [info]: ---------------------------------------------

[2022-09-13T18:12:33.704Z] : [success]: Robot saved successfully

[2022-09-13T18:13:09.176Z] : [error]: anc is not defined

[2022-09-13T18:13:09.177Z] : [error]: Total execution time: 17s 248ms

[2022-09-13T18:13:09.178Z] : [info]: ---------------------------------------------

[2022-09-13T18:15:33.916Z] : [success]: Robot saved successfully

