
  ==========================================
  Studio Pro version: 8.3.13
  Started at: 9/8/2022 15:35:36
  ==========================================
  

[2022-08-10T22:58:28.810Z] : [info]: ---------------------------------------------

[2022-08-10T22:58:28.812Z] : [success]: Bot iniciado

[2022-08-10T22:58:28.813Z] : [info]: Robot start

[2022-08-10T23:00:43.733Z] : [error]: Script Stopped.

[2022-08-10T23:00:43.741Z] : [info]: ---------------------------------------------

[2022-08-10T23:01:17.620Z] : [success]: Robot guardado correctamente

[2022-08-10T23:01:27.494Z] : [success]: Bot iniciado

[2022-08-10T23:01:27.495Z] : [info]: Robot start

[2022-08-10T23:02:38.980Z] : [error]: Script Stopped.

[2022-08-10T23:02:38.984Z] : [info]: ---------------------------------------------

[2022-08-10T23:09:10.278Z] : [success]: Robot guardado correctamente

[2022-08-10T23:09:18.222Z] : [success]: Bot iniciado

[2022-08-10T23:09:18.223Z] : [info]: Robot start

[2022-08-10T23:11:29.374Z] : [error]: Script Stopped.

[2022-08-10T23:11:29.380Z] : [info]: ---------------------------------------------

[2022-08-10T23:11:40.400Z] : [success]: Bot iniciado

[2022-08-10T23:11:40.401Z] : [info]: Robot start

[2022-08-10T23:14:32.952Z] : [error]: Script Stopped.

[2022-08-10T23:14:32.958Z] : [info]: ---------------------------------------------

