
  ==========================================
  Studio Pro version: 8.3.13
  Started at: 16/8/2022, 18:34:28
  ==========================================
  

[2022-08-16T21:36:00.875Z] : [success]: Robot saved successfully

[2022-08-16T21:36:01.018Z] : [info]: ---------------------------------------------

[2022-08-16T21:36:01.019Z] : [success]: Bot started

[2022-08-16T21:36:01.020Z] : [info]: Robot start

[2022-08-16T21:36:08.227Z] : [success]: Bot finished successfully, total execution time: 7s 206ms

[2022-08-16T21:36:08.228Z] : [info]: ---------------------------------------------

[2022-08-16T21:36:50.122Z] : [info]: ---------------------------------------------

[2022-08-16T21:36:50.122Z] : [success]: Bot started

[2022-08-16T21:36:50.123Z] : [info]: Robot start

[2022-08-16T21:36:59.362Z] : [success]: Bot finished successfully, total execution time: 9s 237ms

[2022-08-16T21:36:59.364Z] : [info]: ---------------------------------------------

[2022-08-16T21:38:05.523Z] : [success]: Robot saved successfully

[2022-08-16T21:40:05.263Z] : [success]: Robot saved successfully

[2022-08-16T21:40:11.413Z] : [info]: ---------------------------------------------

[2022-08-16T21:40:11.413Z] : [success]: Bot started

[2022-08-16T21:40:11.414Z] : [info]: Robot start

[2022-08-16T21:40:16.737Z] : [success]: Bot finished successfully, total execution time: 5s 320ms

[2022-08-16T21:40:16.743Z] : [info]: ---------------------------------------------

[2022-08-16T21:40:56.670Z] : [success]: Bot started

[2022-08-16T21:40:56.671Z] : [info]: Robot start

[2022-08-16T21:41:06.964Z] : [success]: Bot finished successfully, total execution time: 10s 291ms

[2022-08-16T21:41:06.964Z] : [info]: ---------------------------------------------

[2022-08-16T21:44:56.384Z] : [success]: Robot saved successfully

[2022-08-16T21:44:56.395Z] : [info]: ---------------------------------------------

[2022-08-16T21:44:56.395Z] : [success]: Bot started

[2022-08-16T21:44:56.396Z] : [info]: Robot start

[2022-08-16T21:45:02.625Z] : [success]: Bot finished successfully, total execution time: 6s 227ms

[2022-08-16T21:45:02.626Z] : [info]: ---------------------------------------------


  ==========================================
  Studio Pro version: 8.3.13
  Started at: 16/8/2022, 18:45:38
  ==========================================
  

[2022-08-16T21:45:48.950Z] : [success]: Robot saved successfully

[2022-08-16T21:45:49.058Z] : [info]: ---------------------------------------------

[2022-08-16T21:45:49.059Z] : [success]: Bot started

[2022-08-16T21:45:49.059Z] : [info]: Robot start

[2022-08-16T21:45:55.240Z] : [success]: Bot finished successfully, total execution time: 6s 180ms

[2022-08-16T21:45:55.241Z] : [info]: ---------------------------------------------

[2022-08-16T21:46:08.066Z] : [info]: ---------------------------------------------

[2022-08-16T21:46:08.067Z] : [success]: Bot started

[2022-08-16T21:46:08.067Z] : [info]: Robot start

[2022-08-16T21:46:14.318Z] : [success]: Bot finished successfully, total execution time: 6s 249ms

[2022-08-16T21:46:14.319Z] : [info]: ---------------------------------------------


  ==========================================
  Studio Pro version: 8.3.13
  Started at: 16/8/2022, 20:06:50
  ==========================================
  

[2022-08-16T23:08:40.760Z] : [success]: Robot saved successfully

[2022-08-16T23:08:48.442Z] : [info]: ---------------------------------------------

[2022-08-16T23:08:48.443Z] : [success]: Bot started

[2022-08-16T23:08:48.444Z] : [info]: Robot start

[2022-08-16T23:08:53.574Z] : [error]: monto is not defined
      undefined

[2022-08-16T23:08:53.579Z] : [info]: ---------------------------------------------

[2022-08-16T23:09:01.143Z] : [success]: Bot started

[2022-08-16T23:09:01.144Z] : [info]: Robot start

[2022-08-16T23:09:06.526Z] : [error]: monto is not defined
      undefined

[2022-08-16T23:09:06.528Z] : [info]: ---------------------------------------------

[2022-08-16T23:09:17.685Z] : [success]: Robot saved successfully

[2022-08-16T23:09:18.080Z] : [success]: Bot started

[2022-08-16T23:09:18.081Z] : [info]: Robot start

[2022-08-16T23:09:32.382Z] : [success]: Bot finished successfully, total execution time: 14s 300ms

[2022-08-16T23:09:32.383Z] : [info]: ---------------------------------------------

[2022-08-16T23:10:07.711Z] : [info]: ---------------------------------------------

[2022-08-16T23:10:07.711Z] : [success]: Bot started

[2022-08-16T23:10:07.712Z] : [info]: Robot start

[2022-08-16T23:10:21.357Z] : [success]: Bot finished successfully, total execution time: 13s 644ms

[2022-08-16T23:10:21.358Z] : [info]: ---------------------------------------------

[2022-08-16T23:10:27.510Z] : [success]: Robot saved successfully

