
  ==========================================
  Studio Pro version: 9.0.4
  Started at: 3/1/2023, 18:31:43
  ==========================================
  

[2023-01-03T21:31:47.492Z] : [info]: ---------------------------------------------

[2023-01-03T21:31:47.494Z] : [success]: Bot started

[2023-01-03T21:31:47.494Z] : [info]: Robot start

[2023-01-03T21:32:05.915Z] : [success]: Bot finished successfully, total execution time: 18s 419ms

[2023-01-03T21:32:05.916Z] : [info]: ---------------------------------------------

[2023-01-03T21:35:46.395Z] : [success]: Robot saved successfully

[2023-01-03T21:35:46.514Z] : [info]: ---------------------------------------------

[2023-01-03T21:35:46.515Z] : [success]: Bot started

[2023-01-03T21:35:46.515Z] : [info]: Robot start

[2023-01-03T21:35:57.952Z] : [error]: Script Stopped.

[2023-01-03T21:35:57.954Z] : [info]: Total execution time: 11s 437ms

[2023-01-03T21:35:57.955Z] : [info]: ---------------------------------------------

[2023-01-03T21:36:07.264Z] : [success]: Robot saved successfully

[2023-01-03T21:36:07.358Z] : [success]: Bot started

[2023-01-03T21:36:07.358Z] : [info]: Robot start

[2023-01-03T21:36:17.637Z] : [success]: Bot finished successfully, total execution time: 10s 278ms

[2023-01-03T21:36:17.638Z] : [info]: ---------------------------------------------

[2023-01-03T21:36:29.405Z] : [success]: Robot saved successfully

[2023-01-03T21:36:29.506Z] : [success]: Bot started

[2023-01-03T21:36:29.506Z] : [info]: Robot start

[2023-01-03T21:36:55.945Z] : [success]: Bot finished successfully, total execution time: 26s 437ms

[2023-01-03T21:36:55.946Z] : [info]: ---------------------------------------------

