
  ==========================================
  Studio Pro version: 9.0.4
  Started at: 12/1/2023, 13:04:30
  ==========================================
  

[2023-01-12T16:05:24.494Z] : [success]: Robot saved successfully

[2023-01-12T16:05:24.621Z] : [success]: Bot started

[2023-01-12T16:05:24.622Z] : [info]: Robot start

[2023-01-12T16:05:30.798Z] : [success]: Bot finished successfully, total execution time: 6s 175ms

[2023-01-12T16:05:30.799Z] : [info]: ---------------------------------------------

[2023-01-12T16:10:27.613Z] : [success]: Robot saved successfully

[2023-01-12T16:11:40.155Z] : [success]: Bot started

[2023-01-12T16:11:40.156Z] : [info]: Robot start

[2023-01-12T16:11:50.323Z] : [success]: Bot finished successfully, total execution time: 10s 166ms

[2023-01-12T16:11:50.324Z] : [info]: ---------------------------------------------

[2023-01-12T16:11:54.467Z] : [success]: Bot started

[2023-01-12T16:11:54.468Z] : [info]: Robot start

[2023-01-12T16:12:03.651Z] : [success]: Bot finished successfully, total execution time: 9s 181ms

[2023-01-12T16:12:03.652Z] : [info]: ---------------------------------------------

[2023-01-12T16:12:07.621Z] : [success]: Bot started

[2023-01-12T16:12:07.622Z] : [info]: Robot start

[2023-01-12T16:12:15.780Z] : [success]: Bot finished successfully, total execution time: 8s 157ms

[2023-01-12T16:12:15.781Z] : [info]: ---------------------------------------------

