
  ==========================================
  Studio Pro version: 8.6.10
  Started at: 4/11/2022, 18:58:06
  ==========================================
  

[2022-11-04T21:58:30.032Z] : [success]: Robot saved successfully

[2022-11-04T21:58:30.195Z] : [info]: ---------------------------------------------

[2022-11-04T21:58:30.196Z] : [success]: Bot started

[2022-11-04T21:58:30.201Z] : [info]: Robot start

[2022-11-04T21:58:46.475Z] : [error]: Selectors: Excepción de HRESULT: 0x800A03EC

[2022-11-04T21:58:46.478Z] : [error]: Total execution time: 16s 274ms

[2022-11-04T21:58:46.480Z] : [info]: ---------------------------------------------

[2022-11-04T21:58:55.691Z] : [info]: ---------------------------------------------

[2022-11-04T21:58:55.692Z] : [success]: Bot started

[2022-11-04T21:58:55.693Z] : [info]: Robot start

[2022-11-04T21:58:58.899Z] : [error]: Selectors: Workbook is protected and password wasn't specified.

[2022-11-04T21:58:58.901Z] : [error]: Total execution time: 3s 206ms

[2022-11-04T21:58:58.902Z] : [info]: ---------------------------------------------

[2022-11-04T21:59:04.802Z] : [info]: ---------------------------------------------

[2022-11-04T21:59:04.804Z] : [success]: Bot started

[2022-11-04T21:59:04.805Z] : [info]: Robot start

[2022-11-04T21:59:07.029Z] : [error]: Selectors: Workbook is protected and password wasn't specified.

[2022-11-04T21:59:07.031Z] : [error]: Total execution time: 2s 224ms

[2022-11-04T21:59:07.032Z] : [info]: ---------------------------------------------

[2022-11-04T22:01:12.583Z] : [info]: ---------------------------------------------

[2022-11-04T22:01:12.584Z] : [success]: Bot started

[2022-11-04T22:01:12.589Z] : [info]: Robot start

[2022-11-04T22:01:23.924Z] : [success]: Bot finished successfully, total execution time: 11s 333ms

[2022-11-04T22:01:23.926Z] : [info]: ---------------------------------------------

[2022-11-04T22:01:30.998Z] : [success]: Robot saved successfully

[2022-11-04T22:02:49.884Z] : [info]: ---------------------------------------------

[2022-11-04T22:02:49.885Z] : [success]: Bot started

[2022-11-04T22:02:49.885Z] : [info]: Robot start

[2022-11-04T22:03:11.258Z] : [error]: Selectors: Excepción de HRESULT: 0x800A03EC

[2022-11-04T22:03:11.261Z] : [error]: Total execution time: 21s 373ms

[2022-11-04T22:03:11.262Z] : [info]: ---------------------------------------------

