[2022-08-04T19:59:09.769Z] : [success]: Robot saved successfully

[2022-08-04T19:59:09.871Z] : [info]: ---------------------------------------------

[2022-08-04T19:59:09.871Z] : [success]: Bot started

[2022-08-04T19:59:09.872Z] : [info]: Robot start

[2022-08-04T19:59:15.018Z] : [success]: Bot finished successfully, total execution time: 5s 144ms

[2022-08-04T19:59:15.018Z] : [info]: ---------------------------------------------

[2022-08-04T20:00:57.142Z] : [success]: Robot saved successfully

[2022-08-04T20:00:57.225Z] : [success]: Bot started

[2022-08-04T20:00:57.227Z] : [info]: Robot start

[2022-08-04T20:01:02.360Z] : [success]: Bot finished successfully, total execution time: 5s 132ms

[2022-08-04T20:01:02.361Z] : [info]: ---------------------------------------------

[2022-08-04T20:16:28.840Z] : [success]: Robot saved successfully

[2022-08-04T20:16:28.948Z] : [success]: Bot started

[2022-08-04T20:16:28.949Z] : [info]: Robot start

[2022-08-04T20:16:37.049Z] : [success]: Bot finished successfully, total execution time: 8s 99ms

[2022-08-04T20:16:37.050Z] : [info]: ---------------------------------------------

[2022-08-04T20:22:31.387Z] : [success]: Robot saved successfully


  ==========================================
  Studio Pro version: 8.3.13
  Started at: 4/8/2022, 17:23:53
  ==========================================
  

[2022-08-04T20:24:02.844Z] : [success]: Robot saved successfully

[2022-08-04T20:26:09.950Z] : [success]: Robot saved successfully

[2022-08-04T20:26:17.383Z] : [success]: Robot saved successfully

[2022-08-04T20:26:56.251Z] : [success]: Robot saved successfully

[2022-08-04T20:26:56.369Z] : [success]: Bot started

[2022-08-04T20:26:56.370Z] : [info]: Robot start

[2022-08-04T20:27:11.674Z] : [success]: Bot finished successfully, total execution time: 15s 303ms

[2022-08-04T20:27:11.676Z] : [info]: ---------------------------------------------

[2022-08-04T20:32:02.261Z] : [success]: Robot saved successfully


  ==========================================
  Studio Pro version: 8.3.13
  Started at: 4/8/2022, 17:41:13
  ==========================================
  


  ==========================================
  Studio Pro version: 8.3.13
  Started at: 4/8/2022, 18:04:31
  ==========================================
  

