
  ==========================================
  Studio Pro version: 8.4.10
  Started at: 6/9/2022 09:17:04
  ==========================================
  

[2022-09-06T19:41:45.382Z] : [success]: Robot guardado correctamente

[2022-09-06T19:41:45.460Z] : [info]: ---------------------------------------------

[2022-09-06T19:41:45.461Z] : [success]: Bot iniciado

[2022-09-06T19:41:45.462Z] : [info]: Robot start

[2022-09-06T19:43:38.540Z] : [success]: El bot terminó con éxito, tiempo total de ejecución: 1m 53s 77ms

[2022-09-06T19:43:38.541Z] : [info]: ---------------------------------------------

[2022-09-06T19:44:38.922Z] : [success]: Robot guardado correctamente

[2022-09-06T19:44:38.966Z] : [success]: Bot iniciado

[2022-09-06T19:44:38.966Z] : [info]: Robot start

[2022-09-06T19:44:58.852Z] : [success]: El bot terminó con éxito, tiempo total de ejecución: 19s 884ms

[2022-09-06T19:44:58.855Z] : [info]: ---------------------------------------------

[2022-09-06T19:47:07.688Z] : [success]: Robot guardado correctamente

[2022-09-06T19:47:07.719Z] : [success]: Bot iniciado

[2022-09-06T19:47:07.719Z] : [info]: Robot start

[2022-09-06T19:48:43.594Z] : [success]: El bot terminó con éxito, tiempo total de ejecución: 1m 35s 874ms

[2022-09-06T19:48:43.595Z] : [info]: ---------------------------------------------

[2022-09-06T19:51:58.387Z] : [success]: Bot iniciado

[2022-09-06T19:51:58.388Z] : [info]: Robot start

[2022-09-06T19:52:05.935Z] : [error]: No se ha encontrado ningún elemento de acuerdo con su selección. Puede ocurrir por un selector erróneo o porque el elemento tarda más en aparecer en la pantalla. Pruebe a modificar el selector o a aumentar el tiempo de espera del elemento y vuelva a ejecutar el bot

[2022-09-06T19:52:05.937Z] : [error]: Tiempo total de ejecución: 7s 546ms

[2022-09-06T19:52:05.937Z] : [info]: ---------------------------------------------

[2022-09-06T19:52:43.091Z] : [success]: Robot guardado correctamente

[2022-09-06T19:52:43.144Z] : [success]: Bot iniciado

[2022-09-06T19:52:43.144Z] : [info]: Robot start

[2022-09-06T19:52:52.690Z] : [success]: El bot terminó con éxito, tiempo total de ejecución: 9s 544ms

[2022-09-06T19:52:52.691Z] : [info]: ---------------------------------------------

[2022-09-06T19:53:24.530Z] : [success]: Bot iniciado

[2022-09-06T19:53:24.531Z] : [info]: Robot start

[2022-09-06T19:54:10.686Z] : [error]: Script Stopped.

[2022-09-06T19:54:10.688Z] : [warn]: Tiempo total de ejecución: 46s 154ms

[2022-09-06T19:54:10.689Z] : [info]: ---------------------------------------------

[2022-09-06T19:54:20.148Z] : [success]: Bot iniciado

[2022-09-06T19:54:20.149Z] : [info]: Robot start

[2022-09-06T19:56:01.498Z] : [success]: El bot terminó con éxito, tiempo total de ejecución: 1m 41s 348ms

[2022-09-06T19:56:01.500Z] : [info]: ---------------------------------------------

[2022-09-06T20:01:13.594Z] : [success]: Robot guardado correctamente

[2022-09-06T20:01:13.625Z] : [success]: Bot iniciado

[2022-09-06T20:01:13.626Z] : [info]: Robot start

[2022-09-06T20:02:47.969Z] : [success]: El bot terminó con éxito, tiempo total de ejecución: 1m 34s 341ms

[2022-09-06T20:02:47.970Z] : [info]: ---------------------------------------------

[2022-09-06T20:03:54.014Z] : [success]: Robot guardado correctamente

[2022-09-06T20:03:54.052Z] : [success]: Bot iniciado

[2022-09-06T20:03:54.053Z] : [info]: Robot start

[2022-09-06T20:05:36.044Z] : [success]: El bot terminó con éxito, tiempo total de ejecución: 1m 41s 990ms

[2022-09-06T20:05:36.046Z] : [info]: ---------------------------------------------

[2022-09-06T20:55:48.565Z] : [success]: Robot guardado correctamente

