
  ==========================================
  Studio Pro version: 8.3.13
  Started at: 1/9/2022 22:04:39
  ==========================================
  

[2022-09-02T04:10:30.834Z] : [success]: Robot guardado correctamente


  ==========================================
  Studio Pro version: 8.3.13
  Started at: 1/9/2022 22:10:54
  ==========================================
  

[2022-09-02T04:19:18.500Z] : [success]: Robot guardado correctamente

[2022-09-02T04:22:11.805Z] : [success]: Robot guardado correctamente

[2022-09-02T04:22:12.853Z] : [error]: Parámetros de actividad requeridos: Insertar "ForecastAvailabilityByClass_ANC PE_v2" desde el teclado

[2022-09-02T04:22:12.872Z] : [info]: ---------------------------------------------

[2022-09-02T04:22:26.343Z] : [success]: Robot guardado correctamente

[2022-09-02T04:22:39.658Z] : [info]: ---------------------------------------------

[2022-09-02T04:22:39.659Z] : [success]: Bot iniciado

[2022-09-02T04:22:39.659Z] : [info]: Robot start

[2022-09-02T04:23:29.898Z] : [success]: El bot terminó con éxito, tiempo total de ejecución: 50s 237ms

[2022-09-02T04:23:29.899Z] : [info]: ---------------------------------------------

[2022-09-02T04:24:22.591Z] : [success]: Robot guardado correctamente

[2022-09-02T04:35:45.508Z] : [success]: Bot iniciado

[2022-09-02T04:35:45.509Z] : [info]: Robot start

[2022-09-02T04:36:33.854Z] : [success]: El bot terminó con éxito, tiempo total de ejecución: 48s 343ms

[2022-09-02T04:36:33.855Z] : [info]: ---------------------------------------------

[2022-09-02T06:03:43.187Z] : [success]: Robot guardado correctamente

[2022-09-02T06:40:51.650Z] : [success]: Robot guardado correctamente

