
  ==========================================
  Studio Pro version: 8.3.13
  Started at: 2/9/2022 02:01:48
  ==========================================
  

[2022-09-02T08:05:35.404Z] : [success]: Robot guardado correctamente

[2022-09-02T08:06:56.986Z] : [info]: ---------------------------------------------

[2022-09-02T08:06:56.988Z] : [success]: Bot iniciado

[2022-09-02T08:06:56.989Z] : [info]: Robot start

[2022-09-02T08:09:57.486Z] : [success]: El bot terminó con éxito, tiempo total de ejecución: 3m 495ms

[2022-09-02T08:09:57.488Z] : [info]: ---------------------------------------------

[2022-09-02T08:11:49.534Z] : [success]: Robot guardado correctamente

[2022-09-02T08:12:34.748Z] : [success]: Robot guardado correctamente

[2022-09-02T08:12:34.813Z] : [success]: Bot iniciado

[2022-09-02T08:12:34.813Z] : [info]: Robot start

[2022-09-02T08:12:44.688Z] : [error]: CAN_NOT_FIND_TAB

[2022-09-02T08:12:44.692Z] : [error]: Tiempo total de ejecución: 9s 875ms

[2022-09-02T08:12:44.692Z] : [info]: ---------------------------------------------

[2022-09-02T08:13:41.638Z] : [success]: Bot iniciado

[2022-09-02T08:13:41.640Z] : [info]: Robot start

[2022-09-02T08:14:07.593Z] : [error]: CAN_NOT_FIND_TAB

[2022-09-02T08:14:07.596Z] : [error]: Tiempo total de ejecución: 25s 952ms

[2022-09-02T08:14:07.596Z] : [info]: ---------------------------------------------

[2022-09-02T08:15:06.918Z] : [success]: Robot guardado correctamente

[2022-09-02T08:15:32.430Z] : [success]: Robot guardado correctamente

[2022-09-02T08:15:32.490Z] : [success]: Bot iniciado

[2022-09-02T08:15:32.490Z] : [info]: Robot start

[2022-09-02T08:16:38.382Z] : [success]: El bot terminó con éxito, tiempo total de ejecución: 1m 5s 890ms

[2022-09-02T08:16:38.383Z] : [info]: ---------------------------------------------

[2022-09-02T08:19:26.225Z] : [success]: Robot guardado correctamente

[2022-09-02T08:19:36.928Z] : [success]: Bot iniciado

[2022-09-02T08:19:36.930Z] : [info]: Robot start

[2022-09-02T08:20:59.325Z] : [success]: El bot terminó con éxito, tiempo total de ejecución: 1m 22s 395ms

[2022-09-02T08:20:59.327Z] : [info]: ---------------------------------------------

[2022-09-02T08:22:32.479Z] : [success]: Robot guardado correctamente

[2022-09-02T08:22:32.529Z] : [success]: Bot iniciado

[2022-09-02T08:22:32.530Z] : [info]: Robot start

[2022-09-02T08:22:52.187Z] : [error]: No se ha encontrado ningún elemento de acuerdo con su selección. Puede ocurrir por un selector erróneo o porque el elemento tarda más en aparecer en la pantalla. Pruebe a modificar el selector o a aumentar el tiempo de espera del elemento y vuelva a ejecutar el bot

[2022-09-02T08:22:52.195Z] : [error]: Tiempo total de ejecución: 19s 656ms

[2022-09-02T08:22:52.196Z] : [info]: ---------------------------------------------

[2022-09-02T08:30:55.903Z] : [success]: Robot guardado correctamente

[2022-09-02T08:30:55.964Z] : [success]: Bot iniciado

[2022-09-02T08:30:55.964Z] : [info]: Robot start

[2022-09-02T08:31:05.620Z] : [error]: DireccionPrincipal is not defined

[2022-09-02T08:31:05.625Z] : [error]: Tiempo total de ejecución: 9s 655ms

[2022-09-02T08:31:05.626Z] : [info]: ---------------------------------------------

[2022-09-02T16:28:34.785Z] : [info]: Internet connection // error

[2022-09-02T16:28:37.015Z] : [success]: Se restablece la conexión con nuestro servidor de licencias

[2022-09-02T16:55:06.624Z] : [success]: Robot guardado correctamente

[2022-09-02T16:55:06.673Z] : [info]: ---------------------------------------------

[2022-09-02T16:55:06.673Z] : [success]: Bot iniciado

[2022-09-02T16:55:06.674Z] : [info]: Robot start

[2022-09-02T16:55:24.981Z] : [error]: No se ha encontrado ningún elemento de acuerdo con su selección. Puede ocurrir por un selector erróneo o porque el elemento tarda más en aparecer en la pantalla. Pruebe a modificar el selector o a aumentar el tiempo de espera del elemento y vuelva a ejecutar el bot

[2022-09-02T16:55:24.983Z] : [error]: Tiempo total de ejecución: 18s 306ms

[2022-09-02T16:55:24.985Z] : [info]: ---------------------------------------------

[2022-09-02T16:55:41.761Z] : [success]: Robot guardado correctamente

[2022-09-02T16:55:48.105Z] : [success]: Bot iniciado

[2022-09-02T16:55:48.106Z] : [info]: Robot start

[2022-09-02T16:57:16.187Z] : [success]: El bot terminó con éxito, tiempo total de ejecución: 1m 28s 79ms

[2022-09-02T16:57:16.188Z] : [info]: ---------------------------------------------

[2022-09-02T19:03:17.830Z] : [success]: Robot guardado correctamente

[2022-09-02T19:29:02.131Z] : [info]: Internet connection // error

[2022-09-02T19:29:15.625Z] : [success]: Se restablece la conexión con nuestro servidor de licencias

[2022-09-05T18:18:41.586Z] : [success]: Robot guardado correctamente

[2022-09-05T18:18:45.038Z] : [error]: Cannot read properties of null (reading 'type')

[2022-09-05T18:18:45.039Z] : [error]: Cannot read properties of null (reading 'type')

[2022-09-05T18:18:45.040Z] : [error]: Cannot read properties of null (reading 'type')

[2022-09-05T18:18:45.042Z] : [error]: Cannot read properties of null (reading 'type')

[2022-09-05T18:18:45.043Z] : [error]: Cannot read properties of null (reading 'type')

