
  ==========================================
  Studio Pro version: 8.7.11
  Started at: 27/12/2022, 10:31:23
  ==========================================
  

[2022-12-27T13:33:22.445Z] : [success]: Robot saved successfully

[2022-12-27T13:33:28.852Z] : [success]: Bot started

[2022-12-27T13:33:28.853Z] : [info]: Robot start

[2022-12-27T13:33:51.251Z] : [success]: Bot finished successfully, total execution time: 22s 397ms

[2022-12-27T13:33:51.252Z] : [info]: ---------------------------------------------

[2022-12-27T13:36:17.141Z] : [success]: Robot saved successfully

[2022-12-27T13:36:17.233Z] : [success]: Bot started

[2022-12-27T13:36:17.234Z] : [info]: Robot start

[2022-12-27T13:36:27.485Z] : [success]: Bot finished successfully, total execution time: 10s 249ms

[2022-12-27T13:36:27.486Z] : [info]: ---------------------------------------------

[2022-12-27T13:36:38.456Z] : [success]: Robot saved successfully

[2022-12-27T13:36:38.538Z] : [success]: Bot started

[2022-12-27T13:36:38.539Z] : [info]: Robot start

[2022-12-27T13:36:43.668Z] : [success]: Bot finished successfully, total execution time: 5s 128ms

[2022-12-27T13:36:43.668Z] : [info]: ---------------------------------------------

[2022-12-27T13:36:50.432Z] : [success]: Robot saved successfully

