
  ==========================================
  Studio Pro version: 8.3.13
  Started at: 25/8/2022 21:09:30
  ==========================================
  


  ==========================================
  Studio Pro version: 8.3.13
  Started at: 25/8/2022 21:09:31
  ==========================================
  

[2022-08-26T03:09:48.877Z] : [info]: ---------------------------------------------

[2022-08-26T03:09:48.878Z] : [success]: Bot iniciado

[2022-08-26T03:09:48.878Z] : [info]: Robot start

[2022-08-26T03:10:21.762Z] : [success]: El bot terminó con éxito, tiempo total de ejecución: 32s 879ms

[2022-08-26T03:10:21.763Z] : [info]: ---------------------------------------------

[2022-08-26T03:10:35.522Z] : [success]: Robot guardado correctamente

[2022-08-26T03:10:35.543Z] : [success]: Bot iniciado

[2022-08-26T03:10:35.544Z] : [info]: Robot start

[2022-08-26T03:11:04.128Z] : [success]: El bot terminó con éxito, tiempo total de ejecución: 28s 582ms

[2022-08-26T03:11:04.129Z] : [info]: ---------------------------------------------

[2022-08-26T03:13:49.502Z] : [success]: Bot iniciado

[2022-08-26T03:13:49.503Z] : [info]: Robot start

[2022-08-26T03:14:18.520Z] : [success]: El bot terminó con éxito, tiempo total de ejecución: 29s 11ms

[2022-08-26T03:14:18.521Z] : [info]: ---------------------------------------------

[2022-08-26T03:19:05.050Z] : [success]: Robot guardado correctamente

[2022-08-26T03:19:05.085Z] : [success]: Bot iniciado

[2022-08-26T03:19:05.087Z] : [info]: Robot start

[2022-08-26T03:19:13.860Z] : [success]: El bot terminó con éxito, tiempo total de ejecución: 8s 770ms

[2022-08-26T03:19:13.862Z] : [info]: ---------------------------------------------

[2022-08-26T03:20:45.376Z] : [success]: Robot guardado correctamente

[2022-08-26T03:20:49.998Z] : [success]: Bot iniciado

[2022-08-26T03:20:49.999Z] : [info]: Robot start

[2022-08-26T03:21:01.273Z] : [success]: El bot terminó con éxito, tiempo total de ejecución: 11s 272ms

[2022-08-26T03:21:01.274Z] : [info]: ---------------------------------------------

[2022-08-26T03:21:08.508Z] : [success]: Robot guardado correctamente

[2022-08-26T03:21:13.559Z] : [success]: Bot iniciado

[2022-08-26T03:21:13.560Z] : [info]: Robot start

[2022-08-26T03:21:21.603Z] : [success]: El bot terminó con éxito, tiempo total de ejecución: 8s 39ms

[2022-08-26T03:21:21.604Z] : [info]: ---------------------------------------------

[2022-08-26T03:21:31.487Z] : [success]: Robot guardado correctamente

[2022-08-26T03:26:53.598Z] : [success]: Robot guardado correctamente

[2022-08-26T03:26:59.277Z] : [success]: Bot iniciado

[2022-08-26T03:26:59.278Z] : [info]: Robot start

[2022-08-26T03:27:20.845Z] : [error]: script timeout

[2022-08-26T03:27:20.848Z] : [error]: Tiempo total de ejecución: 21s 567ms

[2022-08-26T03:27:20.849Z] : [info]: ---------------------------------------------

[2022-08-26T03:27:26.072Z] : [success]: Bot iniciado

[2022-08-26T03:27:26.073Z] : [info]: Robot start

[2022-08-26T03:27:45.879Z] : [success]: El bot terminó con éxito, tiempo total de ejecución: 19s 804ms

[2022-08-26T03:27:45.880Z] : [info]: ---------------------------------------------

[2022-08-26T03:28:06.730Z] : [success]: Bot iniciado

[2022-08-26T03:28:06.733Z] : [info]: Robot start

[2022-08-26T03:28:38.268Z] : [error]: script timeout

[2022-08-26T03:28:38.271Z] : [error]: Tiempo total de ejecución: 31s 535ms

[2022-08-26T03:28:38.272Z] : [info]: ---------------------------------------------

[2022-08-26T03:28:46.241Z] : [info]: ---------------------------------------------

[2022-08-26T03:28:46.242Z] : [success]: Bot iniciado

[2022-08-26T03:28:46.243Z] : [info]: Robot start

[2022-08-26T03:29:18.173Z] : [success]: El bot terminó con éxito, tiempo total de ejecución: 31s 927ms

[2022-08-26T03:29:18.174Z] : [info]: ---------------------------------------------

[2022-08-26T03:30:48.315Z] : [success]: Robot guardado correctamente

[2022-08-26T03:30:53.701Z] : [success]: Bot iniciado

[2022-08-26T03:30:53.702Z] : [info]: Robot start

[2022-08-26T03:32:12.582Z] : [error]: script timeout

[2022-08-26T03:32:12.588Z] : [error]: Tiempo total de ejecución: 1m 18s 880ms

[2022-08-26T03:32:12.589Z] : [info]: ---------------------------------------------

[2022-08-26T03:32:45.287Z] : [success]: Robot guardado correctamente

[2022-08-26T03:40:31.876Z] : [success]: Robot guardado correctamente

